<?xml version="1.0" encoding="utf-8"?>
<TestRun id="00000000-0000-0000-91c4-30db1d215203" runUser="TeamBuildServerTeamBuildUser" name="TeamBuildUser@TeamBuildServer 2016-03-14T12:54:57" xmlns="http://microsoft.com/schemas/VisualStudio/TeamTest/2010">
  <TestSettings name="Local Test Run" id="c136642c-2e64-4f99-9ec3-30db1d215203">
    <Description>This is a default test run configuration for a local test run.</Description>
    <Deployment runDeploymentRoot="">
      <DeploymentItem filename="" />
    </Deployment>
  </TestSettings>
  <ResultSummary outcome="Completed">
    <Counters error="0" timeout="0" aborted="0" passedButRunAborted="0" notRunnable="0" disconnected="0" warning="0" completed="0" inProgress="0" pending="0" total="2" executed="2" notExecuted="0" passed="2" failed="0" inconclusive="0" />
    <RunInfos />
  </ResultSummary>
  <Times creation="2016-03-14T12:54:57" queuing="2016-03-14T12:54:57" start="2016-03-14T12:54:57" finish="2016-03-14T12:54:57" />
  <TestDefinitions>
    <UnitTest name="App.Db.Slacker.SlackerRunner.SpecificSpecTester.RunThisSpec" storage="" id="00000000-0000-0000-91c4-000000000001">
      <Css projectStructure="" iteration="" />
      <Owners>
        <Owner name="" />
      </Owners>
      <Execution id="00000000-0000-0000-91c4-000000000001" />
      <TestMethod adapterTypeName="Microsoft.VisualStudio.TestTools.TestTypes.Unit.UnitTestAdapter, Microsoft.VisualStudio.QualityTools.Tips.UnitTest.Adapter, Version=10.0.0.0, Culture=neutral, PublicKeyToken=b03f5f7f11d50a3a" name="RunThisSpec" codeBase="" className="App.Db.Slacker.SlackerRunner.SpecificSpecTester, App" />
    </UnitTest>
    <UnitTest name="App.Db.Slacker.SlackerRunner.SpecsTester.RunSpecs(config/config_value_code_part.rb)" storage="" id="00000000-0000-0000-91c4-000000000002">
      <Css projectStructure="" iteration="" />
      <Owners>
        <Owner name="" />
      </Owners>
      <Execution id="00000000-0000-0000-91c4-000000000002" />
      <TestMethod adapterTypeName="Microsoft.VisualStudio.TestTools.TestTypes.Unit.UnitTestAdapter, Microsoft.VisualStudio.QualityTools.Tips.UnitTest.Adapter, Version=10.0.0.0, Culture=neutral, PublicKeyToken=b03f5f7f11d50a3a" name="RunSpecs" codeBase="" className="App.Db.Slacker.SlackerRunner.SpecsTester, App" />
    </UnitTest>
    <UnitTest name="Beachcomber.Db.Slacker.SlackerRunner.SpecificSpecTester.RunThisSpec" storage="" id="00000000-0000-0000-91c4-000000000003">
      <Css projectStructure="" iteration="" />
      <Owners>
        <Owner name="" />
      </Owners>
      <Execution id="00000000-0000-0000-91c4-000000000003" />
      <TestMethod adapterTypeName="Microsoft.VisualStudio.TestTools.TestTypes.Unit.UnitTestAdapter, Microsoft.VisualStudio.QualityTools.Tips.UnitTest.Adapter, Version=10.0.0.0, Culture=neutral, PublicKeyToken=b03f5f7f11d50a3a" name="RunThisSpec" codeBase="" className="Beachcomber.Db.Slacker.SlackerRunner.SpecificSpecTester, Beachcomber" />
    </UnitTest>
    <UnitTest name="Beachcomber.Db.Slacker.SlackerRunner.SpecsTester.RunSpecs(authorization/tf_authorization_verdict.rb)" storage="" id="00000000-0000-0000-91c4-000000000004">
      <Css projectStructure="" iteration="" />
      <Owners>
        <Owner name="" />
      </Owners>
      <Execution id="00000000-0000-0000-91c4-000000000004" />
      <TestMethod adapterTypeName="Microsoft.VisualStudio.TestTools.TestTypes.Unit.UnitTestAdapter, Microsoft.VisualStudio.QualityTools.Tips.UnitTest.Adapter, Version=10.0.0.0, Culture=neutral, PublicKeyToken=b03f5f7f11d50a3a" name="RunSpecs" codeBase="" className="Beachcomber.Db.Slacker.SlackerRunner.SpecsTester, Beachcomber" />
    </UnitTest>
    <UnitTest name="Beachcomber.Db.Slacker.SlackerRunner.SpecsTester.RunSpecs(authorization/tf_role_authorization_permission.rb)" storage="" id="00000000-0000-0000-91c4-000000000005">
      <Css projectStructure="" iteration="" />
      <Owners>
        <Owner name="" />
      </Owners>
      <Execution id="00000000-0000-0000-91c4-000000000005" />
      <TestMethod adapterTypeName="Microsoft.VisualStudio.TestTools.TestTypes.Unit.UnitTestAdapter, Microsoft.VisualStudio.QualityTools.Tips.UnitTest.Adapter, Version=10.0.0.0, Culture=neutral, PublicKeyToken=b03f5f7f11d50a3a" name="RunSpecs" codeBase="" className="Beachcomber.Db.Slacker.SlackerRunner.SpecsTester, Beachcomber" />
    </UnitTest>
    <UnitTest name="Beachcomber.Db.Slacker.SlackerRunner.SpecsTester.RunSpecs(authorization/tf_user_role_strands.rb)" storage="" id="00000000-0000-0000-91c4-000000000006">
      <Css projectStructure="" iteration="" />
      <Owners>
        <Owner name="" />
      </Owners>
      <Execution id="00000000-0000-0000-91c4-000000000006" />
      <TestMethod adapterTypeName="Microsoft.VisualStudio.TestTools.TestTypes.Unit.UnitTestAdapter, Microsoft.VisualStudio.QualityTools.Tips.UnitTest.Adapter, Version=10.0.0.0, Culture=neutral, PublicKeyToken=b03f5f7f11d50a3a" name="RunSpecs" codeBase="" className="Beachcomber.Db.Slacker.SlackerRunner.SpecsTester, Beachcomber" />
    </UnitTest>
    <UnitTest name="Beachcomber.Db.Slacker.SlackerRunner.SpecsTester.RunSpecs(client_format/boolean_to_client_format.rb)" storage="" id="00000000-0000-0000-91c4-000000000007">
      <Css projectStructure="" iteration="" />
      <Owners>
        <Owner name="" />
      </Owners>
      <Execution id="00000000-0000-0000-91c4-000000000007" />
      <TestMethod adapterTypeName="Microsoft.VisualStudio.TestTools.TestTypes.Unit.UnitTestAdapter, Microsoft.VisualStudio.QualityTools.Tips.UnitTest.Adapter, Version=10.0.0.0, Culture=neutral, PublicKeyToken=b03f5f7f11d50a3a" name="RunSpecs" codeBase="" className="Beachcomber.Db.Slacker.SlackerRunner.SpecsTester, Beachcomber" />
    </UnitTest>
    <UnitTest name="Beachcomber.Db.Slacker.SlackerRunner.SpecsTester.RunSpecs(config/config_value_code_part.rb)" storage="" id="00000000-0000-0000-91c4-000000000008">
      <Css projectStructure="" iteration="" />
      <Owners>
        <Owner name="" />
      </Owners>
      <Execution id="00000000-0000-0000-91c4-000000000008" />
      <TestMethod adapterTypeName="Microsoft.VisualStudio.TestTools.TestTypes.Unit.UnitTestAdapter, Microsoft.VisualStudio.QualityTools.Tips.UnitTest.Adapter, Version=10.0.0.0, Culture=neutral, PublicKeyToken=b03f5f7f11d50a3a" name="RunSpecs" codeBase="" className="Beachcomber.Db.Slacker.SlackerRunner.SpecsTester, Beachcomber" />
    </UnitTest>
    <UnitTest name="Beachcomber.Db.Slacker.SlackerRunner.SpecsTester.RunSpecs(config/config_value_get.rb)" storage="" id="00000000-0000-0000-91c4-000000000009">
      <Css projectStructure="" iteration="" />
      <Owners>
        <Owner name="" />
      </Owners>
      <Execution id="00000000-0000-0000-91c4-000000000009" />
      <TestMethod adapterTypeName="Microsoft.VisualStudio.TestTools.TestTypes.Unit.UnitTestAdapter, Microsoft.VisualStudio.QualityTools.Tips.UnitTest.Adapter, Version=10.0.0.0, Culture=neutral, PublicKeyToken=b03f5f7f11d50a3a" name="RunSpecs" codeBase="" className="Beachcomber.Db.Slacker.SlackerRunner.SpecsTester, Beachcomber" />
    </UnitTest>
    <UnitTest name="Beachcomber.Db.Slacker.SlackerRunner.SpecsTester.RunSpecs(config/config_value_put.rb)" storage="" id="00000000-0000-0000-91c4-00000000000A">
      <Css projectStructure="" iteration="" />
      <Owners>
        <Owner name="" />
      </Owners>
      <Execution id="00000000-0000-0000-91c4-00000000000A" />
      <TestMethod adapterTypeName="Microsoft.VisualStudio.TestTools.TestTypes.Unit.UnitTestAdapter, Microsoft.VisualStudio.QualityTools.Tips.UnitTest.Adapter, Version=10.0.0.0, Culture=neutral, PublicKeyToken=b03f5f7f11d50a3a" name="RunSpecs" codeBase="" className="Beachcomber.Db.Slacker.SlackerRunner.SpecsTester, Beachcomber" />
    </UnitTest>
    <UnitTest name="Beachcomber.Db.Slacker.SlackerRunner.SpecsTester.RunSpecs(config/tf_config_value.rb)" storage="" id="00000000-0000-0000-91c4-00000000000B">
      <Css projectStructure="" iteration="" />
      <Owners>
        <Owner name="" />
      </Owners>
      <Execution id="00000000-0000-0000-91c4-00000000000B" />
      <TestMethod adapterTypeName="Microsoft.VisualStudio.TestTools.TestTypes.Unit.UnitTestAdapter, Microsoft.VisualStudio.QualityTools.Tips.UnitTest.Adapter, Version=10.0.0.0, Culture=neutral, PublicKeyToken=b03f5f7f11d50a3a" name="RunSpecs" codeBase="" className="Beachcomber.Db.Slacker.SlackerRunner.SpecsTester, Beachcomber" />
    </UnitTest>
    <UnitTest name="Beachcomber.Db.Slacker.SlackerRunner.SpecsTester.RunSpecs(context_info/context_info.rb)" storage="" id="00000000-0000-0000-91c4-00000000000C">
      <Css projectStructure="" iteration="" />
      <Owners>
        <Owner name="" />
      </Owners>
      <Execution id="00000000-0000-0000-91c4-00000000000C" />
      <TestMethod adapterTypeName="Microsoft.VisualStudio.TestTools.TestTypes.Unit.UnitTestAdapter, Microsoft.VisualStudio.QualityTools.Tips.UnitTest.Adapter, Version=10.0.0.0, Culture=neutral, PublicKeyToken=b03f5f7f11d50a3a" name="RunSpecs" codeBase="" className="Beachcomber.Db.Slacker.SlackerRunner.SpecsTester, Beachcomber" />
    </UnitTest>
    <UnitTest name="Beachcomber.Db.Slacker.SlackerRunner.SpecsTester.RunSpecs(excel_export/excel_export_meta.rb)" storage="" id="00000000-0000-0000-91c4-00000000000D">
      <Css projectStructure="" iteration="" />
      <Owners>
        <Owner name="" />
      </Owners>
      <Execution id="00000000-0000-0000-91c4-00000000000D" />
      <TestMethod adapterTypeName="Microsoft.VisualStudio.TestTools.TestTypes.Unit.UnitTestAdapter, Microsoft.VisualStudio.QualityTools.Tips.UnitTest.Adapter, Version=10.0.0.0, Culture=neutral, PublicKeyToken=b03f5f7f11d50a3a" name="RunSpecs" codeBase="" className="Beachcomber.Db.Slacker.SlackerRunner.SpecsTester, Beachcomber" />
    </UnitTest>
    <UnitTest name="Beachcomber.Db.Slacker.SlackerRunner.SpecsTester.RunSpecs(excel_export/excel_export_seed.rb)" storage="" id="00000000-0000-0000-91c4-00000000000E">
      <Css projectStructure="" iteration="" />
      <Owners>
        <Owner name="" />
      </Owners>
      <Execution id="00000000-0000-0000-91c4-00000000000E" />
      <TestMethod adapterTypeName="Microsoft.VisualStudio.TestTools.TestTypes.Unit.UnitTestAdapter, Microsoft.VisualStudio.QualityTools.Tips.UnitTest.Adapter, Version=10.0.0.0, Culture=neutral, PublicKeyToken=b03f5f7f11d50a3a" name="RunSpecs" codeBase="" className="Beachcomber.Db.Slacker.SlackerRunner.SpecsTester, Beachcomber" />
    </UnitTest>
    <UnitTest name="Beachcomber.Db.Slacker.SlackerRunner.SpecsTester.RunSpecs(holiday_schedule/put_get.rb)" storage="" id="00000000-0000-0000-91c4-00000000000F">
      <Css projectStructure="" iteration="" />
      <Owners>
        <Owner name="" />
      </Owners>
      <Execution id="00000000-0000-0000-91c4-00000000000F" />
      <TestMethod adapterTypeName="Microsoft.VisualStudio.TestTools.TestTypes.Unit.UnitTestAdapter, Microsoft.VisualStudio.QualityTools.Tips.UnitTest.Adapter, Version=10.0.0.0, Culture=neutral, PublicKeyToken=b03f5f7f11d50a3a" name="RunSpecs" codeBase="" className="Beachcomber.Db.Slacker.SlackerRunner.SpecsTester, Beachcomber" />
    </UnitTest>
    <UnitTest name="Beachcomber.Db.Slacker.SlackerRunner.SpecsTester.RunSpecs(lookup_code/is_valid_lookup_code.rb)" storage="" id="00000000-0000-0000-91c4-000000000010">
      <Css projectStructure="" iteration="" />
      <Owners>
        <Owner name="" />
      </Owners>
      <Execution id="00000000-0000-0000-91c4-000000000010" />
      <TestMethod adapterTypeName="Microsoft.VisualStudio.TestTools.TestTypes.Unit.UnitTestAdapter, Microsoft.VisualStudio.QualityTools.Tips.UnitTest.Adapter, Version=10.0.0.0, Culture=neutral, PublicKeyToken=b03f5f7f11d50a3a" name="RunSpecs" codeBase="" className="Beachcomber.Db.Slacker.SlackerRunner.SpecsTester, Beachcomber" />
    </UnitTest>
    <UnitTest name="Beachcomber.Db.Slacker.SlackerRunner.SpecsTester.RunSpecs(lookup_code/lookup_code_description.rb)" storage="" id="00000000-0000-0000-91c4-000000000011">
      <Css projectStructure="" iteration="" />
      <Owners>
        <Owner name="" />
      </Owners>
      <Execution id="00000000-0000-0000-91c4-000000000011" />
      <TestMethod adapterTypeName="Microsoft.VisualStudio.TestTools.TestTypes.Unit.UnitTestAdapter, Microsoft.VisualStudio.QualityTools.Tips.UnitTest.Adapter, Version=10.0.0.0, Culture=neutral, PublicKeyToken=b03f5f7f11d50a3a" name="RunSpecs" codeBase="" className="Beachcomber.Db.Slacker.SlackerRunner.SpecsTester, Beachcomber" />
    </UnitTest>
    <UnitTest name="Beachcomber.Db.Slacker.SlackerRunner.SpecsTester.RunSpecs(lookup_code/tf_lookup_code.rb)" storage="" id="00000000-0000-0000-91c4-000000000012">
      <Css projectStructure="" iteration="" />
      <Owners>
        <Owner name="" />
      </Owners>
      <Execution id="00000000-0000-0000-91c4-000000000012" />
      <TestMethod adapterTypeName="Microsoft.VisualStudio.TestTools.TestTypes.Unit.UnitTestAdapter, Microsoft.VisualStudio.QualityTools.Tips.UnitTest.Adapter, Version=10.0.0.0, Culture=neutral, PublicKeyToken=b03f5f7f11d50a3a" name="RunSpecs" codeBase="" className="Beachcomber.Db.Slacker.SlackerRunner.SpecsTester, Beachcomber" />
    </UnitTest>
    <UnitTest name="Beachcomber.Db.Slacker.SlackerRunner.SpecsTester.RunSpecs(lookup_type/put_get.rb)" storage="" id="00000000-0000-0000-91c4-000000000013">
      <Css projectStructure="" iteration="" />
      <Owners>
        <Owner name="" />
      </Owners>
      <Execution id="00000000-0000-0000-91c4-000000000013" />
      <TestMethod adapterTypeName="Microsoft.VisualStudio.TestTools.TestTypes.Unit.UnitTestAdapter, Microsoft.VisualStudio.QualityTools.Tips.UnitTest.Adapter, Version=10.0.0.0, Culture=neutral, PublicKeyToken=b03f5f7f11d50a3a" name="RunSpecs" codeBase="" className="Beachcomber.Db.Slacker.SlackerRunner.SpecsTester, Beachcomber" />
    </UnitTest>
    <UnitTest name="Beachcomber.Db.Slacker.SlackerRunner.SpecsTester.RunSpecs(message/tf_message.rb)" storage="" id="00000000-0000-0000-91c4-000000000014">
      <Css projectStructure="" iteration="" />
      <Owners>
        <Owner name="" />
      </Owners>
      <Execution id="00000000-0000-0000-91c4-000000000014" />
      <TestMethod adapterTypeName="Microsoft.VisualStudio.TestTools.TestTypes.Unit.UnitTestAdapter, Microsoft.VisualStudio.QualityTools.Tips.UnitTest.Adapter, Version=10.0.0.0, Culture=neutral, PublicKeyToken=b03f5f7f11d50a3a" name="RunSpecs" codeBase="" className="Beachcomber.Db.Slacker.SlackerRunner.SpecsTester, Beachcomber" />
    </UnitTest>
    <UnitTest name="Beachcomber.Db.Slacker.SlackerRunner.SpecsTester.RunSpecs(model/model_field_base_type_name.rb)" storage="" id="00000000-0000-0000-91c4-000000000015">
      <Css projectStructure="" iteration="" />
      <Owners>
        <Owner name="" />
      </Owners>
      <Execution id="00000000-0000-0000-91c4-000000000015" />
      <TestMethod adapterTypeName="Microsoft.VisualStudio.TestTools.TestTypes.Unit.UnitTestAdapter, Microsoft.VisualStudio.QualityTools.Tips.UnitTest.Adapter, Version=10.0.0.0, Culture=neutral, PublicKeyToken=b03f5f7f11d50a3a" name="RunSpecs" codeBase="" className="Beachcomber.Db.Slacker.SlackerRunner.SpecsTester, Beachcomber" />
    </UnitTest>
    <UnitTest name="Beachcomber.Db.Slacker.SlackerRunner.SpecsTester.RunSpecs(model/model_type_format.rb)" storage="" id="00000000-0000-0000-91c4-000000000016">
      <Css projectStructure="" iteration="" />
      <Owners>
        <Owner name="" />
      </Owners>
      <Execution id="00000000-0000-0000-91c4-000000000016" />
      <TestMethod adapterTypeName="Microsoft.VisualStudio.TestTools.TestTypes.Unit.UnitTestAdapter, Microsoft.VisualStudio.QualityTools.Tips.UnitTest.Adapter, Version=10.0.0.0, Culture=neutral, PublicKeyToken=b03f5f7f11d50a3a" name="RunSpecs" codeBase="" className="Beachcomber.Db.Slacker.SlackerRunner.SpecsTester, Beachcomber" />
    </UnitTest>
    <UnitTest name="Beachcomber.Db.Slacker.SlackerRunner.SpecsTester.RunSpecs(operation_result/add_operation_message.rb)" storage="" id="00000000-0000-0000-91c4-000000000017">
      <Css projectStructure="" iteration="" />
      <Owners>
        <Owner name="" />
      </Owners>
      <Execution id="00000000-0000-0000-91c4-000000000017" />
      <TestMethod adapterTypeName="Microsoft.VisualStudio.TestTools.TestTypes.Unit.UnitTestAdapter, Microsoft.VisualStudio.QualityTools.Tips.UnitTest.Adapter, Version=10.0.0.0, Culture=neutral, PublicKeyToken=b03f5f7f11d50a3a" name="RunSpecs" codeBase="" className="Beachcomber.Db.Slacker.SlackerRunner.SpecsTester, Beachcomber" />
    </UnitTest>
    <UnitTest name="Beachcomber.Db.Slacker.SlackerRunner.SpecsTester.RunSpecs(report_destination/report_destination_seed.rb)" storage="" id="00000000-0000-0000-91c4-000000000018">
      <Css projectStructure="" iteration="" />
      <Owners>
        <Owner name="" />
      </Owners>
      <Execution id="00000000-0000-0000-91c4-000000000018" />
      <TestMethod adapterTypeName="Microsoft.VisualStudio.TestTools.TestTypes.Unit.UnitTestAdapter, Microsoft.VisualStudio.QualityTools.Tips.UnitTest.Adapter, Version=10.0.0.0, Culture=neutral, PublicKeyToken=b03f5f7f11d50a3a" name="RunSpecs" codeBase="" className="Beachcomber.Db.Slacker.SlackerRunner.SpecsTester, Beachcomber" />
    </UnitTest>
    <UnitTest name="Beachcomber.Db.Slacker.SlackerRunner.SpecsTester.RunSpecs(string_list/separated_string_to_string_list.rb)" storage="" id="00000000-0000-0000-91c4-000000000019">
      <Css projectStructure="" iteration="" />
      <Owners>
        <Owner name="" />
      </Owners>
      <Execution id="00000000-0000-0000-91c4-000000000019" />
      <TestMethod adapterTypeName="Microsoft.VisualStudio.TestTools.TestTypes.Unit.UnitTestAdapter, Microsoft.VisualStudio.QualityTools.Tips.UnitTest.Adapter, Version=10.0.0.0, Culture=neutral, PublicKeyToken=b03f5f7f11d50a3a" name="RunSpecs" codeBase="" className="Beachcomber.Db.Slacker.SlackerRunner.SpecsTester, Beachcomber" />
    </UnitTest>
    <UnitTest name="Beachcomber.Db.Slacker.SlackerRunner.SpecsTester.RunSpecs(string_list/string_list_to_table.rb)" storage="" id="00000000-0000-0000-91c4-00000000001A">
      <Css projectStructure="" iteration="" />
      <Owners>
        <Owner name="" />
      </Owners>
      <Execution id="00000000-0000-0000-91c4-00000000001A" />
      <TestMethod adapterTypeName="Microsoft.VisualStudio.TestTools.TestTypes.Unit.UnitTestAdapter, Microsoft.VisualStudio.QualityTools.Tips.UnitTest.Adapter, Version=10.0.0.0, Culture=neutral, PublicKeyToken=b03f5f7f11d50a3a" name="RunSpecs" codeBase="" className="Beachcomber.Db.Slacker.SlackerRunner.SpecsTester, Beachcomber" />
    </UnitTest>
    <UnitTest name="Beachcomber.Db.Slacker.SlackerRunner.SpecsTester.RunSpecs(string_list/table_to_string_list.rb)" storage="" id="00000000-0000-0000-91c4-00000000001B">
      <Css projectStructure="" iteration="" />
      <Owners>
        <Owner name="" />
      </Owners>
      <Execution id="00000000-0000-0000-91c4-00000000001B" />
      <TestMethod adapterTypeName="Microsoft.VisualStudio.TestTools.TestTypes.Unit.UnitTestAdapter, Microsoft.VisualStudio.QualityTools.Tips.UnitTest.Adapter, Version=10.0.0.0, Culture=neutral, PublicKeyToken=b03f5f7f11d50a3a" name="RunSpecs" codeBase="" className="Beachcomber.Db.Slacker.SlackerRunner.SpecsTester, Beachcomber" />
    </UnitTest>
    <UnitTest name="Beachcomber.Db.Slacker.SlackerRunner.SpecsTester.RunSpecs(user/maker_checker.rb)" storage="" id="00000000-0000-0000-91c4-00000000001C">
      <Css projectStructure="" iteration="" />
      <Owners>
        <Owner name="" />
      </Owners>
      <Execution id="00000000-0000-0000-91c4-00000000001C" />
      <TestMethod adapterTypeName="Microsoft.VisualStudio.TestTools.TestTypes.Unit.UnitTestAdapter, Microsoft.VisualStudio.QualityTools.Tips.UnitTest.Adapter, Version=10.0.0.0, Culture=neutral, PublicKeyToken=b03f5f7f11d50a3a" name="RunSpecs" codeBase="" className="Beachcomber.Db.Slacker.SlackerRunner.SpecsTester, Beachcomber" />
    </UnitTest>
    <UnitTest name="Beachcomber.Db.Slacker.SlackerRunner.SpecsTester.RunSpecs(user/role_put.rb)" storage="" id="00000000-0000-0000-91c4-00000000001D">
      <Css projectStructure="" iteration="" />
      <Owners>
        <Owner name="" />
      </Owners>
      <Execution id="00000000-0000-0000-91c4-00000000001D" />
      <TestMethod adapterTypeName="Microsoft.VisualStudio.TestTools.TestTypes.Unit.UnitTestAdapter, Microsoft.VisualStudio.QualityTools.Tips.UnitTest.Adapter, Version=10.0.0.0, Culture=neutral, PublicKeyToken=b03f5f7f11d50a3a" name="RunSpecs" codeBase="" className="Beachcomber.Db.Slacker.SlackerRunner.SpecsTester, Beachcomber" />
    </UnitTest>
    <UnitTest name="Beachcomber.Db.Slacker.SlackerRunner.SpecsTester.RunSpecs(user/user_del.rb)" storage="" id="00000000-0000-0000-91c4-00000000001E">
      <Css projectStructure="" iteration="" />
      <Owners>
        <Owner name="" />
      </Owners>
      <Execution id="00000000-0000-0000-91c4-00000000001E" />
      <TestMethod adapterTypeName="Microsoft.VisualStudio.TestTools.TestTypes.Unit.UnitTestAdapter, Microsoft.VisualStudio.QualityTools.Tips.UnitTest.Adapter, Version=10.0.0.0, Culture=neutral, PublicKeyToken=b03f5f7f11d50a3a" name="RunSpecs" codeBase="" className="Beachcomber.Db.Slacker.SlackerRunner.SpecsTester, Beachcomber" />
    </UnitTest>
    <UnitTest name="Beachcomber.Db.Slacker.SlackerRunner.SpecsTester.RunSpecs(user/user_id.rb)" storage="" id="00000000-0000-0000-91c4-00000000001F">
      <Css projectStructure="" iteration="" />
      <Owners>
        <Owner name="" />
      </Owners>
      <Execution id="00000000-0000-0000-91c4-00000000001F" />
      <TestMethod adapterTypeName="Microsoft.VisualStudio.TestTools.TestTypes.Unit.UnitTestAdapter, Microsoft.VisualStudio.QualityTools.Tips.UnitTest.Adapter, Version=10.0.0.0, Culture=neutral, PublicKeyToken=b03f5f7f11d50a3a" name="RunSpecs" codeBase="" className="Beachcomber.Db.Slacker.SlackerRunner.SpecsTester, Beachcomber" />
    </UnitTest>
    <UnitTest name="Beachcomber.Db.Slacker.SlackerRunner.SpecsTester.RunSpecs(user/user_put.rb)" storage="" id="00000000-0000-0000-91c4-000000000020">
      <Css projectStructure="" iteration="" />
      <Owners>
        <Owner name="" />
      </Owners>
      <Execution id="00000000-0000-0000-91c4-000000000020" />
      <TestMethod adapterTypeName="Microsoft.VisualStudio.TestTools.TestTypes.Unit.UnitTestAdapter, Microsoft.VisualStudio.QualityTools.Tips.UnitTest.Adapter, Version=10.0.0.0, Culture=neutral, PublicKeyToken=b03f5f7f11d50a3a" name="RunSpecs" codeBase="" className="Beachcomber.Db.Slacker.SlackerRunner.SpecsTester, Beachcomber" />
    </UnitTest>
    <UnitTest name="Beachcomber.Db.Slacker.SlackerRunner.SpecsTester.RunSpecs(user/user_put_get.rb)" storage="" id="00000000-0000-0000-91c4-000000000021">
      <Css projectStructure="" iteration="" />
      <Owners>
        <Owner name="" />
      </Owners>
      <Execution id="00000000-0000-0000-91c4-000000000021" />
      <TestMethod adapterTypeName="Microsoft.VisualStudio.TestTools.TestTypes.Unit.UnitTestAdapter, Microsoft.VisualStudio.QualityTools.Tips.UnitTest.Adapter, Version=10.0.0.0, Culture=neutral, PublicKeyToken=b03f5f7f11d50a3a" name="RunSpecs" codeBase="" className="Beachcomber.Db.Slacker.SlackerRunner.SpecsTester, Beachcomber" />
    </UnitTest>
    <UnitTest name="Beachcomber.Db.Slacker.SlackerRunner.SpecsTester.RunSpecs(user/user_role_association_action.rb)" storage="" id="00000000-0000-0000-91c4-000000000022">
      <Css projectStructure="" iteration="" />
      <Owners>
        <Owner name="" />
      </Owners>
      <Execution id="00000000-0000-0000-91c4-000000000022" />
      <TestMethod adapterTypeName="Microsoft.VisualStudio.TestTools.TestTypes.Unit.UnitTestAdapter, Microsoft.VisualStudio.QualityTools.Tips.UnitTest.Adapter, Version=10.0.0.0, Culture=neutral, PublicKeyToken=b03f5f7f11d50a3a" name="RunSpecs" codeBase="" className="Beachcomber.Db.Slacker.SlackerRunner.SpecsTester, Beachcomber" />
    </UnitTest>
    <UnitTest name="Given Date.IsInvalidClientFormat, it returns true if characters are passed when expecting numbers." storage="" id="00000000-0000-0000-91c4-000000000023">
      <Css projectStructure="" iteration="" />
      <Owners>
        <Owner name="" />
      </Owners>
      <Execution id="00000000-0000-0000-91c4-000000000023" />
      <TestMethod adapterTypeName="Microsoft.VisualStudio.TestTools.TestTypes.Unit.UnitTestAdapter, Microsoft.VisualStudio.QualityTools.Tips.UnitTest.Adapter, Version=10.0.0.0, Culture=neutral, PublicKeyToken=b03f5f7f11d50a3a" name="DateIsInvalidClientFormatTest" codeBase="" className="Beachcomber.Db.SqlClr.Spec.DateIsInvalidFormatSpec, Beachcomber" />
    </UnitTest>
    <UnitTest name="Given Date.IsInvalidClientFormat, it returns false if numbers are passed when expecting numbers." storage="" id="00000000-0000-0000-91c4-000000000024">
      <Css projectStructure="" iteration="" />
      <Owners>
        <Owner name="" />
      </Owners>
      <Execution id="00000000-0000-0000-91c4-000000000024" />
      <TestMethod adapterTypeName="Microsoft.VisualStudio.TestTools.TestTypes.Unit.UnitTestAdapter, Microsoft.VisualStudio.QualityTools.Tips.UnitTest.Adapter, Version=10.0.0.0, Culture=neutral, PublicKeyToken=b03f5f7f11d50a3a" name="DateIsInvalidClientFormatTest" codeBase="" className="Beachcomber.Db.SqlClr.Spec.DateIsInvalidFormatSpec, Beachcomber" />
    </UnitTest>
    <UnitTest name="Given Date.IsInvalidClientFormat, it returns true if invalid characters are passed when expecting date in MMM/d/yyyy." storage="" id="00000000-0000-0000-91c4-000000000025">
      <Css projectStructure="" iteration="" />
      <Owners>
        <Owner name="" />
      </Owners>
      <Execution id="00000000-0000-0000-91c4-000000000025" />
      <TestMethod adapterTypeName="Microsoft.VisualStudio.TestTools.TestTypes.Unit.UnitTestAdapter, Microsoft.VisualStudio.QualityTools.Tips.UnitTest.Adapter, Version=10.0.0.0, Culture=neutral, PublicKeyToken=b03f5f7f11d50a3a" name="DateIsInvalidClientFormatTest" codeBase="" className="Beachcomber.Db.SqlClr.Spec.DateIsInvalidFormatSpec, Beachcomber" />
    </UnitTest>
    <UnitTest name="Given Date.IsInvalidClientFormat, it returns true if invalid characters are passed when expecting date in MMMM/d/yyyy." storage="" id="00000000-0000-0000-91c4-000000000026">
      <Css projectStructure="" iteration="" />
      <Owners>
        <Owner name="" />
      </Owners>
      <Execution id="00000000-0000-0000-91c4-000000000026" />
      <TestMethod adapterTypeName="Microsoft.VisualStudio.TestTools.TestTypes.Unit.UnitTestAdapter, Microsoft.VisualStudio.QualityTools.Tips.UnitTest.Adapter, Version=10.0.0.0, Culture=neutral, PublicKeyToken=b03f5f7f11d50a3a" name="DateIsInvalidClientFormatTest" codeBase="" className="Beachcomber.Db.SqlClr.Spec.DateIsInvalidFormatSpec, Beachcomber" />
    </UnitTest>
    <UnitTest name="Given Date.IsInvalidClientFormat, it returns true if invalid characters are passed when expecting literals." storage="" id="00000000-0000-0000-91c4-000000000027">
      <Css projectStructure="" iteration="" />
      <Owners>
        <Owner name="" />
      </Owners>
      <Execution id="00000000-0000-0000-91c4-000000000027" />
      <TestMethod adapterTypeName="Microsoft.VisualStudio.TestTools.TestTypes.Unit.UnitTestAdapter, Microsoft.VisualStudio.QualityTools.Tips.UnitTest.Adapter, Version=10.0.0.0, Culture=neutral, PublicKeyToken=b03f5f7f11d50a3a" name="DateIsInvalidClientFormatTest" codeBase="" className="Beachcomber.Db.SqlClr.Spec.DateIsInvalidFormatSpec, Beachcomber" />
    </UnitTest>
    <UnitTest name="Given Date.IsInvalidClientFormat, it returns true if numbers are passed to escaped numeric format value." storage="" id="00000000-0000-0000-91c4-000000000028">
      <Css projectStructure="" iteration="" />
      <Owners>
        <Owner name="" />
      </Owners>
      <Execution id="00000000-0000-0000-91c4-000000000028" />
      <TestMethod adapterTypeName="Microsoft.VisualStudio.TestTools.TestTypes.Unit.UnitTestAdapter, Microsoft.VisualStudio.QualityTools.Tips.UnitTest.Adapter, Version=10.0.0.0, Culture=neutral, PublicKeyToken=b03f5f7f11d50a3a" name="DateIsInvalidClientFormatTest" codeBase="" className="Beachcomber.Db.SqlClr.Spec.DateIsInvalidFormatSpec, Beachcomber" />
    </UnitTest>
    <UnitTest name="Given Date.IsInvalidClientFormat, it returns false if date are passed when expecting date." storage="" id="00000000-0000-0000-91c4-000000000029">
      <Css projectStructure="" iteration="" />
      <Owners>
        <Owner name="" />
      </Owners>
      <Execution id="00000000-0000-0000-91c4-000000000029" />
      <TestMethod adapterTypeName="Microsoft.VisualStudio.TestTools.TestTypes.Unit.UnitTestAdapter, Microsoft.VisualStudio.QualityTools.Tips.UnitTest.Adapter, Version=10.0.0.0, Culture=neutral, PublicKeyToken=b03f5f7f11d50a3a" name="DateIsInvalidClientFormatTest" codeBase="" className="Beachcomber.Db.SqlClr.Spec.DateIsInvalidFormatSpec, Beachcomber" />
    </UnitTest>
    <UnitTest name="Given Date.IsInvalidClientFormat, it returns false if month is passed when expecting month." storage="" id="00000000-0000-0000-91c4-00000000002A">
      <Css projectStructure="" iteration="" />
      <Owners>
        <Owner name="" />
      </Owners>
      <Execution id="00000000-0000-0000-91c4-00000000002A" />
      <TestMethod adapterTypeName="Microsoft.VisualStudio.TestTools.TestTypes.Unit.UnitTestAdapter, Microsoft.VisualStudio.QualityTools.Tips.UnitTest.Adapter, Version=10.0.0.0, Culture=neutral, PublicKeyToken=b03f5f7f11d50a3a" name="DateIsInvalidClientFormatTest" codeBase="" className="Beachcomber.Db.SqlClr.Spec.DateIsInvalidFormatSpec, Beachcomber" />
    </UnitTest>
    <UnitTest name="Given Date.IsInvalidClientFormat, it returns false if day of week is passed when expecting day of week." storage="" id="00000000-0000-0000-91c4-00000000002B">
      <Css projectStructure="" iteration="" />
      <Owners>
        <Owner name="" />
      </Owners>
      <Execution id="00000000-0000-0000-91c4-00000000002B" />
      <TestMethod adapterTypeName="Microsoft.VisualStudio.TestTools.TestTypes.Unit.UnitTestAdapter, Microsoft.VisualStudio.QualityTools.Tips.UnitTest.Adapter, Version=10.0.0.0, Culture=neutral, PublicKeyToken=b03f5f7f11d50a3a" name="DateIsInvalidClientFormatTest" codeBase="" className="Beachcomber.Db.SqlClr.Spec.DateIsInvalidFormatSpec, Beachcomber" />
    </UnitTest>
    <UnitTest name="Given Date.IsInvalidClientFormat, it returns false if date and time are passed when expecting date and time." storage="" id="00000000-0000-0000-91c4-00000000002C">
      <Css projectStructure="" iteration="" />
      <Owners>
        <Owner name="" />
      </Owners>
      <Execution id="00000000-0000-0000-91c4-00000000002C" />
      <TestMethod adapterTypeName="Microsoft.VisualStudio.TestTools.TestTypes.Unit.UnitTestAdapter, Microsoft.VisualStudio.QualityTools.Tips.UnitTest.Adapter, Version=10.0.0.0, Culture=neutral, PublicKeyToken=b03f5f7f11d50a3a" name="DateIsInvalidClientFormatTest" codeBase="" className="Beachcomber.Db.SqlClr.Spec.DateIsInvalidFormatSpec, Beachcomber" />
    </UnitTest>
    <UnitTest name="Given Date.ToClientFormat, it formats year values correctly." storage="" id="00000000-0000-0000-91c4-00000000002D">
      <Css projectStructure="" iteration="" />
      <Owners>
        <Owner name="" />
      </Owners>
      <Execution id="00000000-0000-0000-91c4-00000000002D" />
      <TestMethod adapterTypeName="Microsoft.VisualStudio.TestTools.TestTypes.Unit.UnitTestAdapter, Microsoft.VisualStudio.QualityTools.Tips.UnitTest.Adapter, Version=10.0.0.0, Culture=neutral, PublicKeyToken=b03f5f7f11d50a3a" name="DateTest" codeBase="" className="Beachcomber.Db.SqlClr.Spec.DateToClientFormatSpec, Beachcomber" />
    </UnitTest>
    <UnitTest name="Given Date.ToClientFormat, it formats month values correctly." storage="" id="00000000-0000-0000-91c4-00000000002E">
      <Css projectStructure="" iteration="" />
      <Owners>
        <Owner name="" />
      </Owners>
      <Execution id="00000000-0000-0000-91c4-00000000002E" />
      <TestMethod adapterTypeName="Microsoft.VisualStudio.TestTools.TestTypes.Unit.UnitTestAdapter, Microsoft.VisualStudio.QualityTools.Tips.UnitTest.Adapter, Version=10.0.0.0, Culture=neutral, PublicKeyToken=b03f5f7f11d50a3a" name="DateTest" codeBase="" className="Beachcomber.Db.SqlClr.Spec.DateToClientFormatSpec, Beachcomber" />
    </UnitTest>
    <UnitTest name="Given Date.ToClientFormat, it formats weekday values correctly." storage="" id="00000000-0000-0000-91c4-00000000002F">
      <Css projectStructure="" iteration="" />
      <Owners>
        <Owner name="" />
      </Owners>
      <Execution id="00000000-0000-0000-91c4-00000000002F" />
      <TestMethod adapterTypeName="Microsoft.VisualStudio.TestTools.TestTypes.Unit.UnitTestAdapter, Microsoft.VisualStudio.QualityTools.Tips.UnitTest.Adapter, Version=10.0.0.0, Culture=neutral, PublicKeyToken=b03f5f7f11d50a3a" name="DateTest" codeBase="" className="Beachcomber.Db.SqlClr.Spec.DateToClientFormatSpec, Beachcomber" />
    </UnitTest>
    <UnitTest name="Given Date.ToClientFormat, it formats day of the month values correctly." storage="" id="00000000-0000-0000-91c4-000000000030">
      <Css projectStructure="" iteration="" />
      <Owners>
        <Owner name="" />
      </Owners>
      <Execution id="00000000-0000-0000-91c4-000000000030" />
      <TestMethod adapterTypeName="Microsoft.VisualStudio.TestTools.TestTypes.Unit.UnitTestAdapter, Microsoft.VisualStudio.QualityTools.Tips.UnitTest.Adapter, Version=10.0.0.0, Culture=neutral, PublicKeyToken=b03f5f7f11d50a3a" name="DateTest" codeBase="" className="Beachcomber.Db.SqlClr.Spec.DateToClientFormatSpec, Beachcomber" />
    </UnitTest>
    <UnitTest name="Given Date.ToClientFormat, it formats hour values correctly." storage="" id="00000000-0000-0000-91c4-000000000031">
      <Css projectStructure="" iteration="" />
      <Owners>
        <Owner name="" />
      </Owners>
      <Execution id="00000000-0000-0000-91c4-000000000031" />
      <TestMethod adapterTypeName="Microsoft.VisualStudio.TestTools.TestTypes.Unit.UnitTestAdapter, Microsoft.VisualStudio.QualityTools.Tips.UnitTest.Adapter, Version=10.0.0.0, Culture=neutral, PublicKeyToken=b03f5f7f11d50a3a" name="DateTest" codeBase="" className="Beachcomber.Db.SqlClr.Spec.DateToClientFormatSpec, Beachcomber" />
    </UnitTest>
    <UnitTest name="Given Date.ToClientFormat, it formats second values correctly." storage="" id="00000000-0000-0000-91c4-000000000032">
      <Css projectStructure="" iteration="" />
      <Owners>
        <Owner name="" />
      </Owners>
      <Execution id="00000000-0000-0000-91c4-000000000032" />
      <TestMethod adapterTypeName="Microsoft.VisualStudio.TestTools.TestTypes.Unit.UnitTestAdapter, Microsoft.VisualStudio.QualityTools.Tips.UnitTest.Adapter, Version=10.0.0.0, Culture=neutral, PublicKeyToken=b03f5f7f11d50a3a" name="DateTest" codeBase="" className="Beachcomber.Db.SqlClr.Spec.DateToClientFormatSpec, Beachcomber" />
    </UnitTest>
    <UnitTest name="Given Date.ToClientFormat, it formats special cases and complex formats correctly." storage="" id="00000000-0000-0000-91c4-000000000033">
      <Css projectStructure="" iteration="" />
      <Owners>
        <Owner name="" />
      </Owners>
      <Execution id="00000000-0000-0000-91c4-000000000033" />
      <TestMethod adapterTypeName="Microsoft.VisualStudio.TestTools.TestTypes.Unit.UnitTestAdapter, Microsoft.VisualStudio.QualityTools.Tips.UnitTest.Adapter, Version=10.0.0.0, Culture=neutral, PublicKeyToken=b03f5f7f11d50a3a" name="DateTest" codeBase="" className="Beachcomber.Db.SqlClr.Spec.DateToClientFormatSpec, Beachcomber" />
    </UnitTest>
    <UnitTest name="Given Date.ToClientFormat, it passes performance test for large number of iterations" storage="" id="00000000-0000-0000-91c4-000000000034">
      <Css projectStructure="" iteration="" />
      <Owners>
        <Owner name="" />
      </Owners>
      <Execution id="00000000-0000-0000-91c4-000000000034" />
      <TestMethod adapterTypeName="Microsoft.VisualStudio.TestTools.TestTypes.Unit.UnitTestAdapter, Microsoft.VisualStudio.QualityTools.Tips.UnitTest.Adapter, Version=10.0.0.0, Culture=neutral, PublicKeyToken=b03f5f7f11d50a3a" name="DateTest" codeBase="" className="Beachcomber.Db.SqlClr.Spec.DateToClientFormatSpec, Beachcomber" />
    </UnitTest>
    <UnitTest name="Given ClientFormat.IsInvalidNumber, it returns true if characters are passed when expecting numbers." storage="" id="00000000-0000-0000-91c4-000000000035">
      <Css projectStructure="" iteration="" />
      <Owners>
        <Owner name="" />
      </Owners>
      <Execution id="00000000-0000-0000-91c4-000000000035" />
      <TestMethod adapterTypeName="Microsoft.VisualStudio.TestTools.TestTypes.Unit.UnitTestAdapter, Microsoft.VisualStudio.QualityTools.Tips.UnitTest.Adapter, Version=10.0.0.0, Culture=neutral, PublicKeyToken=b03f5f7f11d50a3a" name="NumberIsInvalidClientFormatTest" codeBase="" className="Beachcomber.Db.SqlClr.Spec.NumberIsInvalidFormatSpec, Beachcomber" />
    </UnitTest>
    <UnitTest name="Given ClientFormat.IsInvalidNumber, it returns false if numbers are passed when expecting numbers." storage="" id="00000000-0000-0000-91c4-000000000036">
      <Css projectStructure="" iteration="" />
      <Owners>
        <Owner name="" />
      </Owners>
      <Execution id="00000000-0000-0000-91c4-000000000036" />
      <TestMethod adapterTypeName="Microsoft.VisualStudio.TestTools.TestTypes.Unit.UnitTestAdapter, Microsoft.VisualStudio.QualityTools.Tips.UnitTest.Adapter, Version=10.0.0.0, Culture=neutral, PublicKeyToken=b03f5f7f11d50a3a" name="NumberIsInvalidClientFormatTest" codeBase="" className="Beachcomber.Db.SqlClr.Spec.NumberIsInvalidFormatSpec, Beachcomber" />
    </UnitTest>
    <UnitTest name="Given ClientFormat.IsInvalidNumber, it returns false if numbers are passed when expecting numbers with additional format info." storage="" id="00000000-0000-0000-91c4-000000000037">
      <Css projectStructure="" iteration="" />
      <Owners>
        <Owner name="" />
      </Owners>
      <Execution id="00000000-0000-0000-91c4-000000000037" />
      <TestMethod adapterTypeName="Microsoft.VisualStudio.TestTools.TestTypes.Unit.UnitTestAdapter, Microsoft.VisualStudio.QualityTools.Tips.UnitTest.Adapter, Version=10.0.0.0, Culture=neutral, PublicKeyToken=b03f5f7f11d50a3a" name="NumberIsInvalidClientFormatTest" codeBase="" className="Beachcomber.Db.SqlClr.Spec.NumberIsInvalidFormatSpec, Beachcomber" />
    </UnitTest>
    <UnitTest name="Given ClientFormat.IsInvalidNumber, it returns false if numbers are passed with empty format." storage="" id="00000000-0000-0000-91c4-000000000038">
      <Css projectStructure="" iteration="" />
      <Owners>
        <Owner name="" />
      </Owners>
      <Execution id="00000000-0000-0000-91c4-000000000038" />
      <TestMethod adapterTypeName="Microsoft.VisualStudio.TestTools.TestTypes.Unit.UnitTestAdapter, Microsoft.VisualStudio.QualityTools.Tips.UnitTest.Adapter, Version=10.0.0.0, Culture=neutral, PublicKeyToken=b03f5f7f11d50a3a" name="NumberIsInvalidClientFormatTest" codeBase="" className="Beachcomber.Db.SqlClr.Spec.NumberIsInvalidFormatSpec, Beachcomber" />
    </UnitTest>
    <UnitTest name="Given ClientFormat.IsInvalidNumber, it returns true if characters are passed with empty format." storage="" id="00000000-0000-0000-91c4-000000000039">
      <Css projectStructure="" iteration="" />
      <Owners>
        <Owner name="" />
      </Owners>
      <Execution id="00000000-0000-0000-91c4-000000000039" />
      <TestMethod adapterTypeName="Microsoft.VisualStudio.TestTools.TestTypes.Unit.UnitTestAdapter, Microsoft.VisualStudio.QualityTools.Tips.UnitTest.Adapter, Version=10.0.0.0, Culture=neutral, PublicKeyToken=b03f5f7f11d50a3a" name="NumberIsInvalidClientFormatTest" codeBase="" className="Beachcomber.Db.SqlClr.Spec.NumberIsInvalidFormatSpec, Beachcomber" />
    </UnitTest>
    <UnitTest name="Given Text.RegexReplace, it replaces non-numeric values correctly." storage="" id="00000000-0000-0000-91c4-00000000003A">
      <Css projectStructure="" iteration="" />
      <Owners>
        <Owner name="" />
      </Owners>
      <Execution id="00000000-0000-0000-91c4-00000000003A" />
      <TestMethod adapterTypeName="Microsoft.VisualStudio.TestTools.TestTypes.Unit.UnitTestAdapter, Microsoft.VisualStudio.QualityTools.Tips.UnitTest.Adapter, Version=10.0.0.0, Culture=neutral, PublicKeyToken=b03f5f7f11d50a3a" name="RegexReplaceTest" codeBase="" className="Beachcomber.Db.SqlClr.Spec.TextRegexReplaceSpec, Beachcomber" />
    </UnitTest>
    <UnitTest name="Given a preset ActiveDirectoryGroupMonitor.DbCodeToTimerMap, ActiveDirectoryGroupMonitor correctly monitors the groups" storage="" id="00000000-0000-0000-91c4-00000000003B">
      <Css projectStructure="" iteration="" />
      <Owners>
        <Owner name="" />
      </Owners>
      <Execution id="00000000-0000-0000-91c4-00000000003B" />
      <TestMethod adapterTypeName="Microsoft.VisualStudio.TestTools.TestTypes.Unit.UnitTestAdapter, Microsoft.VisualStudio.QualityTools.Tips.UnitTest.Adapter, Version=10.0.0.0, Culture=neutral, PublicKeyToken=b03f5f7f11d50a3a" name="PollSpec" codeBase="" className="Beachcomber.Lib.Spec.ActiveDirectoryGroupMonitorSpec, Beachcomber" />
    </UnitTest>
    <UnitTest name="Given a set of templates, the template is generated successfully" storage="" id="00000000-0000-0000-91c4-00000000003C">
      <Css projectStructure="" iteration="" />
      <Owners>
        <Owner name="" />
      </Owners>
      <Execution id="00000000-0000-0000-91c4-00000000003C" />
      <TestMethod adapterTypeName="Microsoft.VisualStudio.TestTools.TestTypes.Unit.UnitTestAdapter, Microsoft.VisualStudio.QualityTools.Tips.UnitTest.Adapter, Version=10.0.0.0, Culture=neutral, PublicKeyToken=b03f5f7f11d50a3a" name="TemplateSpecAll" codeBase="" className="Beachcomber.Lib.Spec.BeachcomberRazorTemplateSpec, Beachcomber" />
    </UnitTest>
    <UnitTest name="Given a BeachcomberContext, a BrokerQueueClient should be able to process one message at a time" storage="" id="00000000-0000-0000-91c4-00000000003D">
      <Css projectStructure="" iteration="" />
      <Owners>
        <Owner name="" />
      </Owners>
      <Execution id="00000000-0000-0000-91c4-00000000003D" />
      <TestMethod adapterTypeName="Microsoft.VisualStudio.TestTools.TestTypes.Unit.UnitTestAdapter, Microsoft.VisualStudio.QualityTools.Tips.UnitTest.Adapter, Version=10.0.0.0, Culture=neutral, PublicKeyToken=b03f5f7f11d50a3a" name="BrokerQueueClientTest" codeBase="" className="Beachcomber.Lib.Spec.BrokerQueueClientSpec, Beachcomber" />
    </UnitTest>
    <UnitTest name="Given a BeachcomberContext, a BrokerQueueClient should be able to process multiple messages at a time" storage="" id="00000000-0000-0000-91c4-00000000003E">
      <Css projectStructure="" iteration="" />
      <Owners>
        <Owner name="" />
      </Owners>
      <Execution id="00000000-0000-0000-91c4-00000000003E" />
      <TestMethod adapterTypeName="Microsoft.VisualStudio.TestTools.TestTypes.Unit.UnitTestAdapter, Microsoft.VisualStudio.QualityTools.Tips.UnitTest.Adapter, Version=10.0.0.0, Culture=neutral, PublicKeyToken=b03f5f7f11d50a3a" name="BrokerQueueClientTest" codeBase="" className="Beachcomber.Lib.Spec.BrokerQueueClientSpec, Beachcomber" />
    </UnitTest>
    <UnitTest name="Given CommonMarkHelper, it correctly converts a Markdown input to a text input" storage="" id="00000000-0000-0000-91c4-00000000003F">
      <Css projectStructure="" iteration="" />
      <Owners>
        <Owner name="" />
      </Owners>
      <Execution id="00000000-0000-0000-91c4-00000000003F" />
      <TestMethod adapterTypeName="Microsoft.VisualStudio.TestTools.TestTypes.Unit.UnitTestAdapter, Microsoft.VisualStudio.QualityTools.Tips.UnitTest.Adapter, Version=10.0.0.0, Culture=neutral, PublicKeyToken=b03f5f7f11d50a3a" name="DetailsTagTest" codeBase="" className="Beachcomber.Lib.Spec.CommonMarkHelperSpec, Beachcomber" />
    </UnitTest>
    <UnitTest name="Given CommonMarkHelper, it correctly converts a Markdown input to HTML input" storage="" id="00000000-0000-0000-91c4-000000000040">
      <Css projectStructure="" iteration="" />
      <Owners>
        <Owner name="" />
      </Owners>
      <Execution id="00000000-0000-0000-91c4-000000000040" />
      <TestMethod adapterTypeName="Microsoft.VisualStudio.TestTools.TestTypes.Unit.UnitTestAdapter, Microsoft.VisualStudio.QualityTools.Tips.UnitTest.Adapter, Version=10.0.0.0, Culture=neutral, PublicKeyToken=b03f5f7f11d50a3a" name="DetailsTagTest" codeBase="" className="Beachcomber.Lib.Spec.CommonMarkHelperSpec, Beachcomber" />
    </UnitTest>
    <UnitTest name="Given a BeachcomberContext, a model specification can be extracted based on a model stored procedure" storage="" id="00000000-0000-0000-91c4-000000000041">
      <Css projectStructure="" iteration="" />
      <Owners>
        <Owner name="" />
      </Owners>
      <Execution id="00000000-0000-0000-91c4-000000000041" />
      <TestMethod adapterTypeName="Microsoft.VisualStudio.TestTools.TestTypes.Unit.UnitTestAdapter, Microsoft.VisualStudio.QualityTools.Tips.UnitTest.Adapter, Version=10.0.0.0, Culture=neutral, PublicKeyToken=b03f5f7f11d50a3a" name="DbModelProcessing" codeBase="" className="Beachcomber.Lib.Spec.DbModelProcessorSpec, Beachcomber" />
    </UnitTest>
    <UnitTest name="Given a BeachcomberContext, a deep model tree can be generated based on a single model name" storage="" id="00000000-0000-0000-91c4-000000000042">
      <Css projectStructure="" iteration="" />
      <Owners>
        <Owner name="" />
      </Owners>
      <Execution id="00000000-0000-0000-91c4-000000000042" />
      <TestMethod adapterTypeName="Microsoft.VisualStudio.TestTools.TestTypes.Unit.UnitTestAdapter, Microsoft.VisualStudio.QualityTools.Tips.UnitTest.Adapter, Version=10.0.0.0, Culture=neutral, PublicKeyToken=b03f5f7f11d50a3a" name="DbModelProcessing" codeBase="" className="Beachcomber.Lib.Spec.DbModelProcessorSpec, Beachcomber" />
    </UnitTest>
    <UnitTest name="Given a BeachcomberContext, a deep model tree can be deducted based on a list of model names" storage="" id="00000000-0000-0000-91c4-000000000043">
      <Css projectStructure="" iteration="" />
      <Owners>
        <Owner name="" />
      </Owners>
      <Execution id="00000000-0000-0000-91c4-000000000043" />
      <TestMethod adapterTypeName="Microsoft.VisualStudio.TestTools.TestTypes.Unit.UnitTestAdapter, Microsoft.VisualStudio.QualityTools.Tips.UnitTest.Adapter, Version=10.0.0.0, Culture=neutral, PublicKeyToken=b03f5f7f11d50a3a" name="DbModelProcessing" codeBase="" className="Beachcomber.Lib.Spec.DbModelProcessorSpec, Beachcomber" />
    </UnitTest>
    <UnitTest name="Given a BeachcomberContext, the system throws an exception when trying to get a non-existing model" storage="" id="00000000-0000-0000-91c4-000000000044">
      <Css projectStructure="" iteration="" />
      <Owners>
        <Owner name="" />
      </Owners>
      <Execution id="00000000-0000-0000-91c4-000000000044" />
      <TestMethod adapterTypeName="Microsoft.VisualStudio.TestTools.TestTypes.Unit.UnitTestAdapter, Microsoft.VisualStudio.QualityTools.Tips.UnitTest.Adapter, Version=10.0.0.0, Culture=neutral, PublicKeyToken=b03f5f7f11d50a3a" name="DbModelProcessing" codeBase="" className="Beachcomber.Lib.Spec.DbModelProcessorSpec, Beachcomber" />
    </UnitTest>
    <UnitTest name="Given DotLiquidExtensions, tag &quot;bullet_details&quot; is correctly registered and performs as expected" storage="" id="00000000-0000-0000-91c4-000000000045">
      <Css projectStructure="" iteration="" />
      <Owners>
        <Owner name="" />
      </Owners>
      <Execution id="00000000-0000-0000-91c4-000000000045" />
      <TestMethod adapterTypeName="Microsoft.VisualStudio.TestTools.TestTypes.Unit.UnitTestAdapter, Microsoft.VisualStudio.QualityTools.Tips.UnitTest.Adapter, Version=10.0.0.0, Culture=neutral, PublicKeyToken=b03f5f7f11d50a3a" name="DetailsTagTest" codeBase="" className="Beachcomber.Lib.Spec.DotLiquidExtensionsSpec, Beachcomber" />
    </UnitTest>
    <UnitTest name="Given DotLiquidExtensions, tag &quot;bullet_list&quot; is correctly registered and performs as expected" storage="" id="00000000-0000-0000-91c4-000000000046">
      <Css projectStructure="" iteration="" />
      <Owners>
        <Owner name="" />
      </Owners>
      <Execution id="00000000-0000-0000-91c4-000000000046" />
      <TestMethod adapterTypeName="Microsoft.VisualStudio.TestTools.TestTypes.Unit.UnitTestAdapter, Microsoft.VisualStudio.QualityTools.Tips.UnitTest.Adapter, Version=10.0.0.0, Culture=neutral, PublicKeyToken=b03f5f7f11d50a3a" name="DetailsTagTest" codeBase="" className="Beachcomber.Lib.Spec.DotLiquidExtensionsSpec, Beachcomber" />
    </UnitTest>
    <UnitTest name="Given DotLiquidExtensions, filter &quot;zn&quot; is correctly registered and performs as expected" storage="" id="00000000-0000-0000-91c4-000000000047">
      <Css projectStructure="" iteration="" />
      <Owners>
        <Owner name="" />
      </Owners>
      <Execution id="00000000-0000-0000-91c4-000000000047" />
      <TestMethod adapterTypeName="Microsoft.VisualStudio.TestTools.TestTypes.Unit.UnitTestAdapter, Microsoft.VisualStudio.QualityTools.Tips.UnitTest.Adapter, Version=10.0.0.0, Culture=neutral, PublicKeyToken=b03f5f7f11d50a3a" name="DetailsTagTest" codeBase="" className="Beachcomber.Lib.Spec.DotLiquidExtensionsSpec, Beachcomber" />
    </UnitTest>
    <UnitTest name="Given DotLiquidExtensions, filter &quot;markdown&quot; is correctly registered and performs as expected" storage="" id="00000000-0000-0000-91c4-000000000048">
      <Css projectStructure="" iteration="" />
      <Owners>
        <Owner name="" />
      </Owners>
      <Execution id="00000000-0000-0000-91c4-000000000048" />
      <TestMethod adapterTypeName="Microsoft.VisualStudio.TestTools.TestTypes.Unit.UnitTestAdapter, Microsoft.VisualStudio.QualityTools.Tips.UnitTest.Adapter, Version=10.0.0.0, Culture=neutral, PublicKeyToken=b03f5f7f11d50a3a" name="DetailsTagTest" codeBase="" className="Beachcomber.Lib.Spec.DotLiquidExtensionsSpec, Beachcomber" />
    </UnitTest>
    <UnitTest name="Given DotLiquidExtensions, ExcelExportDatasetDimensions can be used in a dotLiquid template to perform arithmetic operations" storage="" id="00000000-0000-0000-91c4-000000000049">
      <Css projectStructure="" iteration="" />
      <Owners>
        <Owner name="" />
      </Owners>
      <Execution id="00000000-0000-0000-91c4-000000000049" />
      <TestMethod adapterTypeName="Microsoft.VisualStudio.TestTools.TestTypes.Unit.UnitTestAdapter, Microsoft.VisualStudio.QualityTools.Tips.UnitTest.Adapter, Version=10.0.0.0, Culture=neutral, PublicKeyToken=b03f5f7f11d50a3a" name="DetailsTagTest" codeBase="" className="Beachcomber.Lib.Spec.DotLiquidExtensionsSpec, Beachcomber" />
    </UnitTest>
    <UnitTest name="Given a BeachcomberContext, ExcelExport handles hierarchical data" storage="" id="00000000-0000-0000-91c4-00000000004A">
      <Css projectStructure="" iteration="" />
      <Owners>
        <Owner name="" />
      </Owners>
      <Execution id="00000000-0000-0000-91c4-00000000004A" />
      <TestMethod adapterTypeName="Microsoft.VisualStudio.TestTools.TestTypes.Unit.UnitTestAdapter, Microsoft.VisualStudio.QualityTools.Tips.UnitTest.Adapter, Version=10.0.0.0, Culture=neutral, PublicKeyToken=b03f5f7f11d50a3a" name="ExcelExportSpecAll" codeBase="" className="Beachcomber.Lib.Spec.ExcelExportSpec, Beachcomber" />
    </UnitTest>
    <UnitTest name="Given a BeachcomberContext, ColumnAddress works as expected" storage="" id="00000000-0000-0000-91c4-00000000004B">
      <Css projectStructure="" iteration="" />
      <Owners>
        <Owner name="" />
      </Owners>
      <Execution id="00000000-0000-0000-91c4-00000000004B" />
      <TestMethod adapterTypeName="Microsoft.VisualStudio.TestTools.TestTypes.Unit.UnitTestAdapter, Microsoft.VisualStudio.QualityTools.Tips.UnitTest.Adapter, Version=10.0.0.0, Culture=neutral, PublicKeyToken=b03f5f7f11d50a3a" name="ExcelExportSpecAll" codeBase="" className="Beachcomber.Lib.Spec.ExcelExportSpec, Beachcomber" />
    </UnitTest>
    <UnitTest name="Given a BeachcomberContext, ExcelExport correctly handles grid strored procedures and appropriately overrides the return_type request parameter" storage="" id="00000000-0000-0000-91c4-00000000004C">
      <Css projectStructure="" iteration="" />
      <Owners>
        <Owner name="" />
      </Owners>
      <Execution id="00000000-0000-0000-91c4-00000000004C" />
      <TestMethod adapterTypeName="Microsoft.VisualStudio.TestTools.TestTypes.Unit.UnitTestAdapter, Microsoft.VisualStudio.QualityTools.Tips.UnitTest.Adapter, Version=10.0.0.0, Culture=neutral, PublicKeyToken=b03f5f7f11d50a3a" name="ExcelExportSpecAll" codeBase="" className="Beachcomber.Lib.Spec.ExcelExportSpec, Beachcomber" />
    </UnitTest>
    <UnitTest name="Given a BeachcomberContext, ExcelExport correctly handles various style exports" storage="" id="00000000-0000-0000-91c4-00000000004D">
      <Css projectStructure="" iteration="" />
      <Owners>
        <Owner name="" />
      </Owners>
      <Execution id="00000000-0000-0000-91c4-00000000004D" />
      <TestMethod adapterTypeName="Microsoft.VisualStudio.TestTools.TestTypes.Unit.UnitTestAdapter, Microsoft.VisualStudio.QualityTools.Tips.UnitTest.Adapter, Version=10.0.0.0, Culture=neutral, PublicKeyToken=b03f5f7f11d50a3a" name="ExcelExportSpecAll" codeBase="" className="Beachcomber.Lib.Spec.ExcelExportSpec, Beachcomber" />
    </UnitTest>
    <UnitTest name="Given a BeachcomberContext, ExcelExport correctly handles grid strored procedures with custom Excel template" storage="" id="00000000-0000-0000-91c4-00000000004E">
      <Css projectStructure="" iteration="" />
      <Owners>
        <Owner name="" />
      </Owners>
      <Execution id="00000000-0000-0000-91c4-00000000004E" />
      <TestMethod adapterTypeName="Microsoft.VisualStudio.TestTools.TestTypes.Unit.UnitTestAdapter, Microsoft.VisualStudio.QualityTools.Tips.UnitTest.Adapter, Version=10.0.0.0, Culture=neutral, PublicKeyToken=b03f5f7f11d50a3a" name="ExcelExportSpecAll" codeBase="" className="Beachcomber.Lib.Spec.ExcelExportSpec, Beachcomber" />
    </UnitTest>
    <UnitTest name="Given a BeachcomberContext, ExcelExport correctly handles grid strored procedures by calling them with return_type=EXCEL" storage="" id="00000000-0000-0000-91c4-00000000004F">
      <Css projectStructure="" iteration="" />
      <Owners>
        <Owner name="" />
      </Owners>
      <Execution id="00000000-0000-0000-91c4-00000000004F" />
      <TestMethod adapterTypeName="Microsoft.VisualStudio.TestTools.TestTypes.Unit.UnitTestAdapter, Microsoft.VisualStudio.QualityTools.Tips.UnitTest.Adapter, Version=10.0.0.0, Culture=neutral, PublicKeyToken=b03f5f7f11d50a3a" name="ExcelExportSpecAll" codeBase="" className="Beachcomber.Lib.Spec.ExcelExportSpec, Beachcomber" />
    </UnitTest>
    <UnitTest name="Given a BeachcomberContext, ExcelExport correctly uses the custom excel target file returned by the metadata" storage="" id="00000000-0000-0000-91c4-000000000050">
      <Css projectStructure="" iteration="" />
      <Owners>
        <Owner name="" />
      </Owners>
      <Execution id="00000000-0000-0000-91c4-000000000050" />
      <TestMethod adapterTypeName="Microsoft.VisualStudio.TestTools.TestTypes.Unit.UnitTestAdapter, Microsoft.VisualStudio.QualityTools.Tips.UnitTest.Adapter, Version=10.0.0.0, Culture=neutral, PublicKeyToken=b03f5f7f11d50a3a" name="ExcelExportSpecAll" codeBase="" className="Beachcomber.Lib.Spec.ExcelExportSpec, Beachcomber" />
    </UnitTest>
    <UnitTest name="Given a BeachcomberContext, ExcelExport correctly generates output file name based on the grid title" storage="" id="00000000-0000-0000-91c4-000000000051">
      <Css projectStructure="" iteration="" />
      <Owners>
        <Owner name="" />
      </Owners>
      <Execution id="00000000-0000-0000-91c4-000000000051" />
      <TestMethod adapterTypeName="Microsoft.VisualStudio.TestTools.TestTypes.Unit.UnitTestAdapter, Microsoft.VisualStudio.QualityTools.Tips.UnitTest.Adapter, Version=10.0.0.0, Culture=neutral, PublicKeyToken=b03f5f7f11d50a3a" name="ExcelExportSpecAll" codeBase="" className="Beachcomber.Lib.Spec.ExcelExportSpec, Beachcomber" />
    </UnitTest>
    <UnitTest name="Given a BeachcomberContext, ExcelExport correctly handles grid strored procedures with custom Excel templates" storage="" id="00000000-0000-0000-91c4-000000000052">
      <Css projectStructure="" iteration="" />
      <Owners>
        <Owner name="" />
      </Owners>
      <Execution id="00000000-0000-0000-91c4-000000000052" />
      <TestMethod adapterTypeName="Microsoft.VisualStudio.TestTools.TestTypes.Unit.UnitTestAdapter, Microsoft.VisualStudio.QualityTools.Tips.UnitTest.Adapter, Version=10.0.0.0, Culture=neutral, PublicKeyToken=b03f5f7f11d50a3a" name="ExcelExportSpecAll" codeBase="" className="Beachcomber.Lib.Spec.ExcelExportSpec, Beachcomber" />
    </UnitTest>
    <UnitTest name="Given a BeachcomberContext, ExcelExport populates a default excel workbook with the resultset of a stored procedure" storage="" id="00000000-0000-0000-91c4-000000000053">
      <Css projectStructure="" iteration="" />
      <Owners>
        <Owner name="" />
      </Owners>
      <Execution id="00000000-0000-0000-91c4-000000000053" />
      <TestMethod adapterTypeName="Microsoft.VisualStudio.TestTools.TestTypes.Unit.UnitTestAdapter, Microsoft.VisualStudio.QualityTools.Tips.UnitTest.Adapter, Version=10.0.0.0, Culture=neutral, PublicKeyToken=b03f5f7f11d50a3a" name="ExcelExportSpecAll" codeBase="" className="Beachcomber.Lib.Spec.ExcelExportSpec, Beachcomber" />
    </UnitTest>
    <UnitTest name="Given a BeachcomberContext, ExcelExport populates an excel workbook with multiple resultsets from a stored procedure" storage="" id="00000000-0000-0000-91c4-000000000054">
      <Css projectStructure="" iteration="" />
      <Owners>
        <Owner name="" />
      </Owners>
      <Execution id="00000000-0000-0000-91c4-000000000054" />
      <TestMethod adapterTypeName="Microsoft.VisualStudio.TestTools.TestTypes.Unit.UnitTestAdapter, Microsoft.VisualStudio.QualityTools.Tips.UnitTest.Adapter, Version=10.0.0.0, Culture=neutral, PublicKeyToken=b03f5f7f11d50a3a" name="ExcelExportSpecAll" codeBase="" className="Beachcomber.Lib.Spec.ExcelExportSpec, Beachcomber" />
    </UnitTest>
    <UnitTest name="Given a BeachcomberContext, ExcelExport correctly handles type conversions" storage="" id="00000000-0000-0000-91c4-000000000055">
      <Css projectStructure="" iteration="" />
      <Owners>
        <Owner name="" />
      </Owners>
      <Execution id="00000000-0000-0000-91c4-000000000055" />
      <TestMethod adapterTypeName="Microsoft.VisualStudio.TestTools.TestTypes.Unit.UnitTestAdapter, Microsoft.VisualStudio.QualityTools.Tips.UnitTest.Adapter, Version=10.0.0.0, Culture=neutral, PublicKeyToken=b03f5f7f11d50a3a" name="ExcelExportSpecAll" codeBase="" className="Beachcomber.Lib.Spec.ExcelExportSpec, Beachcomber" />
    </UnitTest>
    <UnitTest name="Given a BeachcomberContext, ExcelExport correctly handles Excel export metadata" storage="" id="00000000-0000-0000-91c4-000000000056">
      <Css projectStructure="" iteration="" />
      <Owners>
        <Owner name="" />
      </Owners>
      <Execution id="00000000-0000-0000-91c4-000000000056" />
      <TestMethod adapterTypeName="Microsoft.VisualStudio.TestTools.TestTypes.Unit.UnitTestAdapter, Microsoft.VisualStudio.QualityTools.Tips.UnitTest.Adapter, Version=10.0.0.0, Culture=neutral, PublicKeyToken=b03f5f7f11d50a3a" name="ExcelExportSpecAll" codeBase="" className="Beachcomber.Lib.Spec.ExcelExportSpec, Beachcomber" />
    </UnitTest>
    <UnitTest name="Given an ExecutionSurface with preloaded test data, the surface contents is as expected" storage="" id="00000000-0000-0000-91c4-000000000057">
      <Css projectStructure="" iteration="" />
      <Owners>
        <Owner name="" />
      </Owners>
      <Execution id="00000000-0000-0000-91c4-000000000057" />
      <TestMethod adapterTypeName="Microsoft.VisualStudio.TestTools.TestTypes.Unit.UnitTestAdapter, Microsoft.VisualStudio.QualityTools.Tips.UnitTest.Adapter, Version=10.0.0.0, Culture=neutral, PublicKeyToken=b03f5f7f11d50a3a" name="ExecutionSurfaceSpecAll" codeBase="" className="Beachcomber.Lib.Spec.ExecutionSurfaceSpec, Beachcomber" />
    </UnitTest>
    <UnitTest name="Given an ExecutionSurface with preloaded test data, authorization works as expected" storage="" id="00000000-0000-0000-91c4-000000000058">
      <Css projectStructure="" iteration="" />
      <Owners>
        <Owner name="" />
      </Owners>
      <Execution id="00000000-0000-0000-91c4-000000000058" />
      <TestMethod adapterTypeName="Microsoft.VisualStudio.TestTools.TestTypes.Unit.UnitTestAdapter, Microsoft.VisualStudio.QualityTools.Tips.UnitTest.Adapter, Version=10.0.0.0, Culture=neutral, PublicKeyToken=b03f5f7f11d50a3a" name="ExecutionSurfaceSpecAll" codeBase="" className="Beachcomber.Lib.Spec.ExecutionSurfaceSpec, Beachcomber" />
    </UnitTest>
    <UnitTest name="Given an ExecutionSurface with preloaded test data, authorization works as expected as it relates to role inheritance" storage="" id="00000000-0000-0000-91c4-000000000059">
      <Css projectStructure="" iteration="" />
      <Owners>
        <Owner name="" />
      </Owners>
      <Execution id="00000000-0000-0000-91c4-000000000059" />
      <TestMethod adapterTypeName="Microsoft.VisualStudio.TestTools.TestTypes.Unit.UnitTestAdapter, Microsoft.VisualStudio.QualityTools.Tips.UnitTest.Adapter, Version=10.0.0.0, Culture=neutral, PublicKeyToken=b03f5f7f11d50a3a" name="ExecutionSurfaceSpecAll" codeBase="" className="Beachcomber.Lib.Spec.ExecutionSurfaceSpec, Beachcomber" />
    </UnitTest>
    <UnitTest name="Given an Xml string with an array, it correctly gets converted to an IEnumerable" storage="" id="00000000-0000-0000-91c4-00000000005A">
      <Css projectStructure="" iteration="" />
      <Owners>
        <Owner name="" />
      </Owners>
      <Execution id="00000000-0000-0000-91c4-00000000005A" />
      <TestMethod adapterTypeName="Microsoft.VisualStudio.TestTools.TestTypes.Unit.UnitTestAdapter, Microsoft.VisualStudio.QualityTools.Tips.UnitTest.Adapter, Version=10.0.0.0, Culture=neutral, PublicKeyToken=b03f5f7f11d50a3a" name="XmlToFlexSpecArrays" codeBase="" className="Beachcomber.Lib.Spec.ExtensionsSpec, Beachcomber" />
    </UnitTest>
    <UnitTest name="Given an object and a Flex, extension method ToObject properly populates an object with the contents of a Flex" storage="" id="00000000-0000-0000-91c4-00000000005B">
      <Css projectStructure="" iteration="" />
      <Owners>
        <Owner name="" />
      </Owners>
      <Execution id="00000000-0000-0000-91c4-00000000005B" />
      <TestMethod adapterTypeName="Microsoft.VisualStudio.TestTools.TestTypes.Unit.UnitTestAdapter, Microsoft.VisualStudio.QualityTools.Tips.UnitTest.Adapter, Version=10.0.0.0, Culture=neutral, PublicKeyToken=b03f5f7f11d50a3a" name="ToObjectSpec" codeBase="" className="Beachcomber.Lib.Spec.ExtensionsSpec, Beachcomber" />
    </UnitTest>
    <UnitTest name="Given an object and a Flex, extension method ToObject properly populates an object with the contents of a Flex ins strict mode" storage="" id="00000000-0000-0000-91c4-00000000005C">
      <Css projectStructure="" iteration="" />
      <Owners>
        <Owner name="" />
      </Owners>
      <Execution id="00000000-0000-0000-91c4-00000000005C" />
      <TestMethod adapterTypeName="Microsoft.VisualStudio.TestTools.TestTypes.Unit.UnitTestAdapter, Microsoft.VisualStudio.QualityTools.Tips.UnitTest.Adapter, Version=10.0.0.0, Culture=neutral, PublicKeyToken=b03f5f7f11d50a3a" name="ToObjectSpec" codeBase="" className="Beachcomber.Lib.Spec.ExtensionsSpec, Beachcomber" />
    </UnitTest>
    <UnitTest name="Given an object and a Flex, extension method ToObject properly throws in strict mode" storage="" id="00000000-0000-0000-91c4-00000000005D">
      <Css projectStructure="" iteration="" />
      <Owners>
        <Owner name="" />
      </Owners>
      <Execution id="00000000-0000-0000-91c4-00000000005D" />
      <TestMethod adapterTypeName="Microsoft.VisualStudio.TestTools.TestTypes.Unit.UnitTestAdapter, Microsoft.VisualStudio.QualityTools.Tips.UnitTest.Adapter, Version=10.0.0.0, Culture=neutral, PublicKeyToken=b03f5f7f11d50a3a" name="ToObjectSpec" codeBase="" className="Beachcomber.Lib.Spec.ExtensionsSpec, Beachcomber" />
    </UnitTest>
    <UnitTest name="Given a Flex object, it correctly gets converted to an Xml string" storage="" id="00000000-0000-0000-91c4-00000000005E">
      <Css projectStructure="" iteration="" />
      <Owners>
        <Owner name="" />
      </Owners>
      <Execution id="00000000-0000-0000-91c4-00000000005E" />
      <TestMethod adapterTypeName="Microsoft.VisualStudio.TestTools.TestTypes.Unit.UnitTestAdapter, Microsoft.VisualStudio.QualityTools.Tips.UnitTest.Adapter, Version=10.0.0.0, Culture=neutral, PublicKeyToken=b03f5f7f11d50a3a" name="FlexToXmlSpec" codeBase="" className="Beachcomber.Lib.Spec.ExtensionsSpec, Beachcomber" />
    </UnitTest>
    <UnitTest name="Given an Xml string, it can be converted to a Flex" storage="" id="00000000-0000-0000-91c4-00000000005F">
      <Css projectStructure="" iteration="" />
      <Owners>
        <Owner name="" />
      </Owners>
      <Execution id="00000000-0000-0000-91c4-00000000005F" />
      <TestMethod adapterTypeName="Microsoft.VisualStudio.TestTools.TestTypes.Unit.UnitTestAdapter, Microsoft.VisualStudio.QualityTools.Tips.UnitTest.Adapter, Version=10.0.0.0, Culture=neutral, PublicKeyToken=b03f5f7f11d50a3a" name="XmlToFlexSpec" codeBase="" className="Beachcomber.Lib.Spec.ExtensionsSpec, Beachcomber" />
    </UnitTest>
    <UnitTest name="Given an IEnumerable&lt;T&gt;, extension method ForEach can be used to enumerate all its elements" storage="" id="00000000-0000-0000-91c4-000000000060">
      <Css projectStructure="" iteration="" />
      <Owners>
        <Owner name="" />
      </Owners>
      <Execution id="00000000-0000-0000-91c4-000000000060" />
      <TestMethod adapterTypeName="Microsoft.VisualStudio.TestTools.TestTypes.Unit.UnitTestAdapter, Microsoft.VisualStudio.QualityTools.Tips.UnitTest.Adapter, Version=10.0.0.0, Culture=neutral, PublicKeyToken=b03f5f7f11d50a3a" name="ForEachSpec" codeBase="" className="Beachcomber.Lib.Spec.ExtensionsSpec, Beachcomber" />
    </UnitTest>
    <UnitTest name="Given Flex, it can be converted to Json" storage="" id="00000000-0000-0000-91c4-000000000061">
      <Css projectStructure="" iteration="" />
      <Owners>
        <Owner name="" />
      </Owners>
      <Execution id="00000000-0000-0000-91c4-000000000061" />
      <TestMethod adapterTypeName="Microsoft.VisualStudio.TestTools.TestTypes.Unit.UnitTestAdapter, Microsoft.VisualStudio.QualityTools.Tips.UnitTest.Adapter, Version=10.0.0.0, Culture=neutral, PublicKeyToken=b03f5f7f11d50a3a" name="UnderscoreSpec" codeBase="" className="Beachcomber.Lib.Spec.FlexSpec, Beachcomber" />
    </UnitTest>
    <UnitTest name="Given Flex, a Json value can be converted to a Flex" storage="" id="00000000-0000-0000-91c4-000000000062">
      <Css projectStructure="" iteration="" />
      <Owners>
        <Owner name="" />
      </Owners>
      <Execution id="00000000-0000-0000-91c4-000000000062" />
      <TestMethod adapterTypeName="Microsoft.VisualStudio.TestTools.TestTypes.Unit.UnitTestAdapter, Microsoft.VisualStudio.QualityTools.Tips.UnitTest.Adapter, Version=10.0.0.0, Culture=neutral, PublicKeyToken=b03f5f7f11d50a3a" name="UnderscoreSpec" codeBase="" className="Beachcomber.Lib.Spec.FlexSpec, Beachcomber" />
    </UnitTest>
    <UnitTest name="Given a BeachcomberContext, a grid meta can converted to Json" storage="" id="00000000-0000-0000-91c4-000000000063">
      <Css projectStructure="" iteration="" />
      <Owners>
        <Owner name="" />
      </Owners>
      <Execution id="00000000-0000-0000-91c4-000000000063" />
      <TestMethod adapterTypeName="Microsoft.VisualStudio.TestTools.TestTypes.Unit.UnitTestAdapter, Microsoft.VisualStudio.QualityTools.Tips.UnitTest.Adapter, Version=10.0.0.0, Culture=neutral, PublicKeyToken=b03f5f7f11d50a3a" name="MetaJsonSpec" codeBase="" className="Beachcomber.Lib.Spec.GridMetaSpec, Beachcomber" />
    </UnitTest>
    <UnitTest name="Given a string, it can be underscored using the Inflector extension methods" storage="" id="00000000-0000-0000-91c4-000000000064">
      <Css projectStructure="" iteration="" />
      <Owners>
        <Owner name="" />
      </Owners>
      <Execution id="00000000-0000-0000-91c4-000000000064" />
      <TestMethod adapterTypeName="Microsoft.VisualStudio.TestTools.TestTypes.Unit.UnitTestAdapter, Microsoft.VisualStudio.QualityTools.Tips.UnitTest.Adapter, Version=10.0.0.0, Culture=neutral, PublicKeyToken=b03f5f7f11d50a3a" name="UnderscoreSpec" codeBase="" className="Beachcomber.Lib.Spec.InflectorSpec, Beachcomber" />
    </UnitTest>
    <UnitTest name="Given an arbitrary anonymous object, it correctly converts it to a Json string" storage="" id="00000000-0000-0000-91c4-000000000065">
      <Css projectStructure="" iteration="" />
      <Owners>
        <Owner name="" />
      </Owners>
      <Execution id="00000000-0000-0000-91c4-000000000065" />
      <TestMethod adapterTypeName="Microsoft.VisualStudio.TestTools.TestTypes.Unit.UnitTestAdapter, Microsoft.VisualStudio.QualityTools.Tips.UnitTest.Adapter, Version=10.0.0.0, Culture=neutral, PublicKeyToken=b03f5f7f11d50a3a" name="AnonymousObjectToJsonSpec" codeBase="" className="Beachcomber.Lib.Spec.JsonHelperSpec, Beachcomber" />
    </UnitTest>
    <UnitTest name="Given an arbitrary Flex, it correctly converts it to a Json string" storage="" id="00000000-0000-0000-91c4-000000000066">
      <Css projectStructure="" iteration="" />
      <Owners>
        <Owner name="" />
      </Owners>
      <Execution id="00000000-0000-0000-91c4-000000000066" />
      <TestMethod adapterTypeName="Microsoft.VisualStudio.TestTools.TestTypes.Unit.UnitTestAdapter, Microsoft.VisualStudio.QualityTools.Tips.UnitTest.Adapter, Version=10.0.0.0, Culture=neutral, PublicKeyToken=b03f5f7f11d50a3a" name="FlexToJsonSpec" codeBase="" className="Beachcomber.Lib.Spec.JsonHelperSpec, Beachcomber" />
    </UnitTest>
    <UnitTest name="Given a Json string, it correctly converts it to a .NET object" storage="" id="00000000-0000-0000-91c4-000000000067">
      <Css projectStructure="" iteration="" />
      <Owners>
        <Owner name="" />
      </Owners>
      <Execution id="00000000-0000-0000-91c4-000000000067" />
      <TestMethod adapterTypeName="Microsoft.VisualStudio.TestTools.TestTypes.Unit.UnitTestAdapter, Microsoft.VisualStudio.QualityTools.Tips.UnitTest.Adapter, Version=10.0.0.0, Culture=neutral, PublicKeyToken=b03f5f7f11d50a3a" name="JsonToObject" codeBase="" className="Beachcomber.Lib.Spec.JsonHelperSpec, Beachcomber" />
    </UnitTest>
    <UnitTest name="Given a BeachcomberContext, calling a sproc which divides by zero throws an exception (ANSI_WARNINGS is set to ON)" storage="" id="00000000-0000-0000-91c4-000000000068">
      <Css projectStructure="" iteration="" />
      <Owners>
        <Owner name="" />
      </Owners>
      <Execution id="00000000-0000-0000-91c4-000000000068" />
      <TestMethod adapterTypeName="Microsoft.VisualStudio.TestTools.TestTypes.Unit.UnitTestAdapter, Microsoft.VisualStudio.QualityTools.Tips.UnitTest.Adapter, Version=10.0.0.0, Culture=neutral, PublicKeyToken=b03f5f7f11d50a3a" name="SprocSpecAll" codeBase="" className="Beachcomber.Lib.Spec.SprocSpec, Beachcomber" />
    </UnitTest>
    <UnitTest name="Given a BeachcomberContext, sprocs can be executed dynamically through its Sproc property" storage="" id="00000000-0000-0000-91c4-000000000069">
      <Css projectStructure="" iteration="" />
      <Owners>
        <Owner name="" />
      </Owners>
      <Execution id="00000000-0000-0000-91c4-000000000069" />
      <TestMethod adapterTypeName="Microsoft.VisualStudio.TestTools.TestTypes.Unit.UnitTestAdapter, Microsoft.VisualStudio.QualityTools.Tips.UnitTest.Adapter, Version=10.0.0.0, Culture=neutral, PublicKeyToken=b03f5f7f11d50a3a" name="SprocSpecAll" codeBase="" className="Beachcomber.Lib.Spec.SprocSpec, Beachcomber" />
    </UnitTest>
    <UnitTest name="Given a BeachcomberContext, sprocs with named params can be invoked" storage="" id="00000000-0000-0000-91c4-00000000006A">
      <Css projectStructure="" iteration="" />
      <Owners>
        <Owner name="" />
      </Owners>
      <Execution id="00000000-0000-0000-91c4-00000000006A" />
      <TestMethod adapterTypeName="Microsoft.VisualStudio.TestTools.TestTypes.Unit.UnitTestAdapter, Microsoft.VisualStudio.QualityTools.Tips.UnitTest.Adapter, Version=10.0.0.0, Culture=neutral, PublicKeyToken=b03f5f7f11d50a3a" name="SprocSpecAll" codeBase="" className="Beachcomber.Lib.Spec.SprocSpec, Beachcomber" />
    </UnitTest>
    <UnitTest name="Given a BeachcomberContext, sprocs with optional params can be invoked" storage="" id="00000000-0000-0000-91c4-00000000006B">
      <Css projectStructure="" iteration="" />
      <Owners>
        <Owner name="" />
      </Owners>
      <Execution id="00000000-0000-0000-91c4-00000000006B" />
      <TestMethod adapterTypeName="Microsoft.VisualStudio.TestTools.TestTypes.Unit.UnitTestAdapter, Microsoft.VisualStudio.QualityTools.Tips.UnitTest.Adapter, Version=10.0.0.0, Culture=neutral, PublicKeyToken=b03f5f7f11d50a3a" name="SprocSpecAll" codeBase="" className="Beachcomber.Lib.Spec.SprocSpec, Beachcomber" />
    </UnitTest>
    <UnitTest name="Given a BeachcomberContext, sprocs with 'out' params can be invoked" storage="" id="00000000-0000-0000-91c4-00000000006C">
      <Css projectStructure="" iteration="" />
      <Owners>
        <Owner name="" />
      </Owners>
      <Execution id="00000000-0000-0000-91c4-00000000006C" />
      <TestMethod adapterTypeName="Microsoft.VisualStudio.TestTools.TestTypes.Unit.UnitTestAdapter, Microsoft.VisualStudio.QualityTools.Tips.UnitTest.Adapter, Version=10.0.0.0, Culture=neutral, PublicKeyToken=b03f5f7f11d50a3a" name="SprocSpecAll" codeBase="" className="Beachcomber.Lib.Spec.SprocSpec, Beachcomber" />
    </UnitTest>
    <UnitTest name="Given a BeachcomberContext, sprocs with xml 'out' params can be invoked" storage="" id="00000000-0000-0000-91c4-00000000006D">
      <Css projectStructure="" iteration="" />
      <Owners>
        <Owner name="" />
      </Owners>
      <Execution id="00000000-0000-0000-91c4-00000000006D" />
      <TestMethod adapterTypeName="Microsoft.VisualStudio.TestTools.TestTypes.Unit.UnitTestAdapter, Microsoft.VisualStudio.QualityTools.Tips.UnitTest.Adapter, Version=10.0.0.0, Culture=neutral, PublicKeyToken=b03f5f7f11d50a3a" name="SprocSpecAll" codeBase="" className="Beachcomber.Lib.Spec.SprocSpec, Beachcomber" />
    </UnitTest>
    <UnitTest name="Given a BeachcomberContext, a sproc can be called with arbitrary number of parameters - it will ignore parameters which it does not accept" storage="" id="00000000-0000-0000-91c4-00000000006E">
      <Css projectStructure="" iteration="" />
      <Owners>
        <Owner name="" />
      </Owners>
      <Execution id="00000000-0000-0000-91c4-00000000006E" />
      <TestMethod adapterTypeName="Microsoft.VisualStudio.TestTools.TestTypes.Unit.UnitTestAdapter, Microsoft.VisualStudio.QualityTools.Tips.UnitTest.Adapter, Version=10.0.0.0, Culture=neutral, PublicKeyToken=b03f5f7f11d50a3a" name="SprocSpecAll" codeBase="" className="Beachcomber.Lib.Spec.SprocSpec, Beachcomber" />
    </UnitTest>
    <UnitTest name="Given a BeachcomberContext, an array of objects is passed to the udnerlying sproc as a table" storage="" id="00000000-0000-0000-91c4-00000000006F">
      <Css projectStructure="" iteration="" />
      <Owners>
        <Owner name="" />
      </Owners>
      <Execution id="00000000-0000-0000-91c4-00000000006F" />
      <TestMethod adapterTypeName="Microsoft.VisualStudio.TestTools.TestTypes.Unit.UnitTestAdapter, Microsoft.VisualStudio.QualityTools.Tips.UnitTest.Adapter, Version=10.0.0.0, Culture=neutral, PublicKeyToken=b03f5f7f11d50a3a" name="SprocSpecAll" codeBase="" className="Beachcomber.Lib.Spec.SprocSpec, Beachcomber" />
    </UnitTest>
    <UnitTest name="Given a BeachcomberContext, an array with disjointed elements can be passed as a parameter to a sproc which takes a table valued parameter" storage="" id="00000000-0000-0000-91c4-000000000070">
      <Css projectStructure="" iteration="" />
      <Owners>
        <Owner name="" />
      </Owners>
      <Execution id="00000000-0000-0000-91c4-000000000070" />
      <TestMethod adapterTypeName="Microsoft.VisualStudio.TestTools.TestTypes.Unit.UnitTestAdapter, Microsoft.VisualStudio.QualityTools.Tips.UnitTest.Adapter, Version=10.0.0.0, Culture=neutral, PublicKeyToken=b03f5f7f11d50a3a" name="SprocSpecAll" codeBase="" className="Beachcomber.Lib.Spec.SprocSpec, Beachcomber" />
    </UnitTest>
    <UnitTest name="Given a BeachcomberContext, a complex object can be passed to a sproc which takes an XML input parameter" storage="" id="00000000-0000-0000-91c4-000000000071">
      <Css projectStructure="" iteration="" />
      <Owners>
        <Owner name="" />
      </Owners>
      <Execution id="00000000-0000-0000-91c4-000000000071" />
      <TestMethod adapterTypeName="Microsoft.VisualStudio.TestTools.TestTypes.Unit.UnitTestAdapter, Microsoft.VisualStudio.QualityTools.Tips.UnitTest.Adapter, Version=10.0.0.0, Culture=neutral, PublicKeyToken=b03f5f7f11d50a3a" name="SprocSpecAll" codeBase="" className="Beachcomber.Lib.Spec.SprocSpec, Beachcomber" />
    </UnitTest>
    <UnitTest name="Given a BeachcomberContext, an object is passed to the udnerlying sproc as a table" storage="" id="00000000-0000-0000-91c4-000000000072">
      <Css projectStructure="" iteration="" />
      <Owners>
        <Owner name="" />
      </Owners>
      <Execution id="00000000-0000-0000-91c4-000000000072" />
      <TestMethod adapterTypeName="Microsoft.VisualStudio.TestTools.TestTypes.Unit.UnitTestAdapter, Microsoft.VisualStudio.QualityTools.Tips.UnitTest.Adapter, Version=10.0.0.0, Culture=neutral, PublicKeyToken=b03f5f7f11d50a3a" name="SprocSpecAll" codeBase="" className="Beachcomber.Lib.Spec.SprocSpec, Beachcomber" />
    </UnitTest>
    <UnitTest name="Given a BeachcomberContext, an array of objects is passed to the udnerlying sproc as a table and used by it" storage="" id="00000000-0000-0000-91c4-000000000073">
      <Css projectStructure="" iteration="" />
      <Owners>
        <Owner name="" />
      </Owners>
      <Execution id="00000000-0000-0000-91c4-000000000073" />
      <TestMethod adapterTypeName="Microsoft.VisualStudio.TestTools.TestTypes.Unit.UnitTestAdapter, Microsoft.VisualStudio.QualityTools.Tips.UnitTest.Adapter, Version=10.0.0.0, Culture=neutral, PublicKeyToken=b03f5f7f11d50a3a" name="SprocSpecAll" codeBase="" className="Beachcomber.Lib.Spec.SprocSpec, Beachcomber" />
    </UnitTest>
    <UnitTest name="Given a BeachcomberContext, a sproc's resultset which contains a hierarchy_child_id and hierarchy_parent_id is compiled into a hierarchical resultset" storage="" id="00000000-0000-0000-91c4-000000000074">
      <Css projectStructure="" iteration="" />
      <Owners>
        <Owner name="" />
      </Owners>
      <Execution id="00000000-0000-0000-91c4-000000000074" />
[...]
      <Output>
        <DebugTrace>
                            Debug Trace
                            </DebugTrace>
        <StdOut>
                            StdOut
                            </StdOut>
        <StdErr>
                            StdErr
                            </StdErr>
        <TextMessages>
                            TextMsg
                            </TextMessages>
        <TraceInfo>
                            TraceInfo
                            </TraceInfo>
        <ErrorInfo>
                            ErrorInfo
                            </ErrorInfo>
        <Exception>
                            Exception
                            </Exception>
      </Output>
    </UnitTestResult>
    <UnitTestResult testType="13cdc9d9-ddb5-4fa4-a97d-d965ccfc6d4b" testListId="8c84fa94-04c1-424b-9868-57a2d4851a1d" startTime="2016-03-14T12:54:57" endTime="2016-03-14T12:54:57" testName="SprocFilteredGetSpec" computerName="TeamBuildServer" duration="00:00:00.0350000" testId="00000000-0000-0000-91c4-00000000009A" executionId="00000000-0000-0000-91c4-00000000009A" outcome="Passed">
      <Output>
        <DebugTrace>
                            Debug Trace
                            </DebugTrace>
        <StdOut>
                            StdOut
                            </StdOut>
        <StdErr>
                            StdErr
                            </StdErr>
        <TextMessages>
                            TextMsg
                            </TextMessages>
        <TraceInfo>
                            TraceInfo
                            </TraceInfo>
        <ErrorInfo>
                            ErrorInfo
                            </ErrorInfo>
        <Exception>
                            Exception
                            </Exception>
      </Output>
    </UnitTestResult>
    <UnitTestResult testType="13cdc9d9-ddb5-4fa4-a97d-d965ccfc6d4b" testListId="8c84fa94-04c1-424b-9868-57a2d4851a1d" startTime="2016-03-14T12:54:57" endTime="2016-03-14T12:54:57" testName="SprocFilteredGetSpec" computerName="TeamBuildServer" duration="00:00:00.0320000" testId="00000000-0000-0000-91c4-00000000009B" executionId="00000000-0000-0000-91c4-00000000009B" outcome="Passed">
      <Output>
        <DebugTrace>
                            Debug Trace
                            </DebugTrace>
        <StdOut>
                            StdOut
                            </StdOut>
        <StdErr>
                            StdErr
                            </StdErr>
        <TextMessages>
                            TextMsg
                            </TextMessages>
        <TraceInfo>
                            TraceInfo
                            </TraceInfo>
        <ErrorInfo>
                            ErrorInfo
                            </ErrorInfo>
        <Exception>
                            Exception
                            </Exception>
      </Output>
    </UnitTestResult>
    <UnitTestResult testType="13cdc9d9-ddb5-4fa4-a97d-d965ccfc6d4b" testListId="8c84fa94-04c1-424b-9868-57a2d4851a1d" startTime="2016-03-14T12:54:57" endTime="2016-03-14T12:54:57" testName="SprocFilteredGetSpec" computerName="TeamBuildServer" duration="00:00:00.0340000" testId="00000000-0000-0000-91c4-00000000009C" executionId="00000000-0000-0000-91c4-00000000009C" outcome="Passed">
      <Output>
        <DebugTrace>
                            Debug Trace
                            </DebugTrace>
        <StdOut>
                            StdOut
                            </StdOut>
        <StdErr>
                            StdErr
                            </StdErr>
        <TextMessages>
                            TextMsg
                            </TextMessages>
        <TraceInfo>
                            TraceInfo
                            </TraceInfo>
        <ErrorInfo>
                            ErrorInfo
                            </ErrorInfo>
        <Exception>
                            Exception
                            </Exception>
      </Output>
    </UnitTestResult>
    <UnitTestResult testType="13cdc9d9-ddb5-4fa4-a97d-d965ccfc6d4b" testListId="8c84fa94-04c1-424b-9868-57a2d4851a1d" startTime="2016-03-14T12:54:57" endTime="2016-03-14T12:54:57" testName="SprocFilteredGetSpec" computerName="TeamBuildServer" duration="00:00:00.0320000" testId="00000000-0000-0000-91c4-00000000009D" executionId="00000000-0000-0000-91c4-00000000009D" outcome="Passed">
      <Output>
        <DebugTrace>
                            Debug Trace
                            </DebugTrace>
        <StdOut>
                            StdOut
                            </StdOut>
        <StdErr>
                            StdErr
                            </StdErr>
        <TextMessages>
                            TextMsg
                            </TextMessages>
        <TraceInfo>
                            TraceInfo
                            </TraceInfo>
        <ErrorInfo>
                            ErrorInfo
                            </ErrorInfo>
        <Exception>
                            Exception
                            </Exception>
      </Output>
    </UnitTestResult>
    <UnitTestResult testType="13cdc9d9-ddb5-4fa4-a97d-d965ccfc6d4b" testListId="8c84fa94-04c1-424b-9868-57a2d4851a1d" startTime="2016-03-14T12:54:57" endTime="2016-03-14T12:54:57" testName="SprocFilteredGetSpec" computerName="TeamBuildServer" duration="00:00:00.0310000" testId="00000000-0000-0000-91c4-00000000009E" executionId="00000000-0000-0000-91c4-00000000009E" outcome="Passed">
      <Output>
        <DebugTrace>
                            Debug Trace
                            </DebugTrace>
        <StdOut>
                            StdOut
                            </StdOut>
        <StdErr>
                            StdErr
                            </StdErr>
        <TextMessages>
                            TextMsg
                            </TextMessages>
        <TraceInfo>
                            TraceInfo
                            </TraceInfo>
        <ErrorInfo>
                            ErrorInfo
                            </ErrorInfo>
        <Exception>
                            Exception
                            </Exception>
      </Output>
    </UnitTestResult>
    <UnitTestResult testType="13cdc9d9-ddb5-4fa4-a97d-d965ccfc6d4b" testListId="8c84fa94-04c1-424b-9868-57a2d4851a1d" startTime="2016-03-14T12:54:57" endTime="2016-03-14T12:54:57" testName="SprocFilteredGetSpec" computerName="TeamBuildServer" duration="00:00:00.0320000" testId="00000000-0000-0000-91c4-00000000009F" executionId="00000000-0000-0000-91c4-00000000009F" outcome="Passed">
      <Output>
        <DebugTrace>
                            Debug Trace
                            </DebugTrace>
        <StdOut>
                            StdOut
                            </StdOut>
        <StdErr>
                            StdErr
                            </StdErr>
        <TextMessages>
                            TextMsg
                            </TextMessages>
        <TraceInfo>
                            TraceInfo
                            </TraceInfo>
        <ErrorInfo>
                            ErrorInfo
                            </ErrorInfo>
        <Exception>
                            Exception
                            </Exception>
      </Output>
    </UnitTestResult>
    <UnitTestResult testType="13cdc9d9-ddb5-4fa4-a97d-d965ccfc6d4b" testListId="8c84fa94-04c1-424b-9868-57a2d4851a1d" startTime="2016-03-14T12:54:57" endTime="2016-03-14T12:54:57" testName="SprocFilteredGetSpec" computerName="TeamBuildServer" duration="00:00:00.0350000" testId="00000000-0000-0000-91c4-0000000000A0" executionId="00000000-0000-0000-91c4-0000000000A0" outcome="Passed">
      <Output>
        <DebugTrace>
                            Debug Trace
                            </DebugTrace>
        <StdOut>
                            StdOut
                            </StdOut>
        <StdErr>
                            StdErr
                            </StdErr>
        <TextMessages>
                            TextMsg
                            </TextMessages>
        <TraceInfo>
                            TraceInfo
                            </TraceInfo>
        <ErrorInfo>
                            ErrorInfo
                            </ErrorInfo>
        <Exception>
                            Exception
                            </Exception>
      </Output>
    </UnitTestResult>
    <UnitTestResult testType="13cdc9d9-ddb5-4fa4-a97d-d965ccfc6d4b" testListId="8c84fa94-04c1-424b-9868-57a2d4851a1d" startTime="2016-03-14T12:54:57" endTime="2016-03-14T12:54:57" testName="SprocFilteredGetSpec" computerName="TeamBuildServer" duration="00:00:00.0330000" testId="00000000-0000-0000-91c4-0000000000A1" executionId="00000000-0000-0000-91c4-0000000000A1" outcome="Passed">
      <Output>
        <DebugTrace>
                            Debug Trace
                            </DebugTrace>
        <StdOut>
                            StdOut
                            </StdOut>
        <StdErr>
                            StdErr
                            </StdErr>
        <TextMessages>
                            TextMsg
                            </TextMessages>
        <TraceInfo>
                            TraceInfo
                            </TraceInfo>
        <ErrorInfo>
                            ErrorInfo
                            </ErrorInfo>
        <Exception>
                            Exception
                            </Exception>
      </Output>
    </UnitTestResult>
    <UnitTestResult testType="13cdc9d9-ddb5-4fa4-a97d-d965ccfc6d4b" testListId="8c84fa94-04c1-424b-9868-57a2d4851a1d" startTime="2016-03-14T12:54:57" endTime="2016-03-14T12:54:57" testName="SprocCallSpec" computerName="TeamBuildServer" duration="00:00:00.0300000" testId="00000000-0000-0000-91c4-0000000000A2" executionId="00000000-0000-0000-91c4-0000000000A2" outcome="Passed">
      <Output>
        <DebugTrace>
                            Debug Trace
                            </DebugTrace>
        <StdOut>
                            StdOut
                            </StdOut>
        <StdErr>
                            StdErr
                            </StdErr>
        <TextMessages>
                            TextMsg
                            </TextMessages>
        <TraceInfo>
                            TraceInfo
                            </TraceInfo>
        <ErrorInfo>
                            ErrorInfo
                            </ErrorInfo>
        <Exception>
                            Exception
                            </Exception>
      </Output>
    </UnitTestResult>
    <UnitTestResult testType="13cdc9d9-ddb5-4fa4-a97d-d965ccfc6d4b" testListId="8c84fa94-04c1-424b-9868-57a2d4851a1d" startTime="2016-03-14T12:54:57" endTime="2016-03-14T12:54:57" testName="SprocCallSpec" computerName="TeamBuildServer" duration="00:00:00.0320000" testId="00000000-0000-0000-91c4-0000000000A3" executionId="00000000-0000-0000-91c4-0000000000A3" outcome="Passed">
      <Output>
        <DebugTrace>
                            Debug Trace
                            </DebugTrace>
        <StdOut>
                            StdOut
                            </StdOut>
        <StdErr>
                            StdErr
                            </StdErr>
        <TextMessages>
                            TextMsg
                            </TextMessages>
        <TraceInfo>
                            TraceInfo
                            </TraceInfo>
        <ErrorInfo>
                            ErrorInfo
                            </ErrorInfo>
        <Exception>
                            Exception
                            </Exception>
      </Output>
    </UnitTestResult>
    <UnitTestResult testType="13cdc9d9-ddb5-4fa4-a97d-d965ccfc6d4b" testListId="8c84fa94-04c1-424b-9868-57a2d4851a1d" startTime="2016-03-14T12:54:57" endTime="2016-03-14T12:54:57" testName="SprocCallSpec" computerName="TeamBuildServer" duration="00:00:00.0390000" testId="00000000-0000-0000-91c4-0000000000A4" executionId="00000000-0000-0000-91c4-0000000000A4" outcome="Passed">
      <Output>
        <DebugTrace>
                            Debug Trace
                            </DebugTrace>
        <StdOut>
                            StdOut
                            </StdOut>
        <StdErr>
                            StdErr
                            </StdErr>
        <TextMessages>
                            TextMsg
                            </TextMessages>
        <TraceInfo>
                            TraceInfo
                            </TraceInfo>
        <ErrorInfo>
                            ErrorInfo
                            </ErrorInfo>
        <Exception>
                            Exception
                            </Exception>
      </Output>
    </UnitTestResult>
    <UnitTestResult testType="13cdc9d9-ddb5-4fa4-a97d-d965ccfc6d4b" testListId="8c84fa94-04c1-424b-9868-57a2d4851a1d" startTime="2016-03-14T12:54:57" endTime="2016-03-14T12:54:57" testName="SprocCallSpec" computerName="TeamBuildServer" duration="00:00:00.0280000" testId="00000000-0000-0000-91c4-0000000000A5" executionId="00000000-0000-0000-91c4-0000000000A5" outcome="Passed">
      <Output>
        <DebugTrace>
                            Debug Trace
                            </DebugTrace>
        <StdOut>
                            StdOut
                            </StdOut>
        <StdErr>
                            StdErr
                            </StdErr>
        <TextMessages>
                            TextMsg
                            </TextMessages>
        <TraceInfo>
                            TraceInfo
                            </TraceInfo>
        <ErrorInfo>
                            ErrorInfo
                            </ErrorInfo>
        <Exception>
                            Exception
                            </Exception>
      </Output>
    </UnitTestResult>
    <UnitTestResult testType="13cdc9d9-ddb5-4fa4-a97d-d965ccfc6d4b" testListId="8c84fa94-04c1-424b-9868-57a2d4851a1d" startTime="2016-03-14T12:54:57" endTime="2016-03-14T12:54:57" testName="SprocCallSpec" computerName="TeamBuildServer" duration="00:00:00.0370000" testId="00000000-0000-0000-91c4-0000000000A6" executionId="00000000-0000-0000-91c4-0000000000A6" outcome="Passed">
      <Output>
        <DebugTrace>
                            Debug Trace
                            </DebugTrace>
        <StdOut>
                            StdOut
                            </StdOut>
        <StdErr>
                            StdErr
                            </StdErr>
        <TextMessages>
                            TextMsg
                            </TextMessages>
        <TraceInfo>
                            TraceInfo
                            </TraceInfo>
        <ErrorInfo>
                            ErrorInfo
                            </ErrorInfo>
        <Exception>
                            Exception
                            </Exception>
      </Output>
    </UnitTestResult>
    <UnitTestResult testType="13cdc9d9-ddb5-4fa4-a97d-d965ccfc6d4b" testListId="8c84fa94-04c1-424b-9868-57a2d4851a1d" startTime="2016-03-14T12:54:57" endTime="2016-03-14T12:54:57" testName="SprocCallSpec" computerName="TeamBuildServer" duration="00:00:00.0430000" testId="00000000-0000-0000-91c4-0000000000A7" executionId="00000000-0000-0000-91c4-0000000000A7" outcome="Passed">
      <Output>
        <DebugTrace>
                            Debug Trace
                            </DebugTrace>
        <StdOut>
                            StdOut
                            </StdOut>
        <StdErr>
                            StdErr
                            </StdErr>
        <TextMessages>
                            TextMsg
                            </TextMessages>
        <TraceInfo>
                            TraceInfo
                            </TraceInfo>
        <ErrorInfo>
                            ErrorInfo
                            </ErrorInfo>
        <Exception>
                            Exception
                            </Exception>
      </Output>
    </UnitTestResult>
    <UnitTestResult testType="13cdc9d9-ddb5-4fa4-a97d-d965ccfc6d4b" testListId="8c84fa94-04c1-424b-9868-57a2d4851a1d" startTime="2016-03-14T12:54:57" endTime="2016-03-14T12:54:57" testName="SprocCallSpec" computerName="TeamBuildServer" duration="00:00:00.0540000" testId="00000000-0000-0000-91c4-0000000000A8" executionId="00000000-0000-0000-91c4-0000000000A8" outcome="Passed">
      <Output>
        <DebugTrace>
                            Debug Trace
                            </DebugTrace>
        <StdOut>
                            StdOut
                            </StdOut>
        <StdErr>
                            StdErr
                            </StdErr>
        <TextMessages>
                            TextMsg
                            </TextMessages>
        <TraceInfo>
                            TraceInfo
                            </TraceInfo>
        <ErrorInfo>
                            ErrorInfo
                            </ErrorInfo>
        <Exception>
                            Exception
                            </Exception>
      </Output>
    </UnitTestResult>
    <UnitTestResult testType="13cdc9d9-ddb5-4fa4-a97d-d965ccfc6d4b" testListId="8c84fa94-04c1-424b-9868-57a2d4851a1d" startTime="2016-03-14T12:54:57" endTime="2016-03-14T12:54:57" testName="SprocCallSpec" computerName="TeamBuildServer" duration="00:00:00.1200000" testId="00000000-0000-0000-91c4-0000000000A9" executionId="00000000-0000-0000-91c4-0000000000A9" outcome="Passed">
      <Output>
        <DebugTrace>
                            Debug Trace
                            </DebugTrace>
        <StdOut>
                            StdOut
                            </StdOut>
        <StdErr>
                            StdErr
                            </StdErr>
        <TextMessages>
                            TextMsg
                            </TextMessages>
        <TraceInfo>
                            TraceInfo
                            </TraceInfo>
        <ErrorInfo>
                            ErrorInfo
                            </ErrorInfo>
        <Exception>
                            Exception
                            </Exception>
      </Output>
    </UnitTestResult>
    <UnitTestResult testType="13cdc9d9-ddb5-4fa4-a97d-d965ccfc6d4b" testListId="8c84fa94-04c1-424b-9868-57a2d4851a1d" startTime="2016-03-14T12:54:57" endTime="2016-03-14T12:54:57" testName="SprocCallSpec" computerName="TeamBuildServer" duration="00:00:00.0890000" testId="00000000-0000-0000-91c4-0000000000AA" executionId="00000000-0000-0000-91c4-0000000000AA" outcome="Passed">
      <Output>
        <DebugTrace>
                            Debug Trace
                            </DebugTrace>
        <StdOut>
                            StdOut
                            </StdOut>
        <StdErr>
                            StdErr
                            </StdErr>
        <TextMessages>
                            TextMsg
                            </TextMessages>
        <TraceInfo>
                            TraceInfo
                            </TraceInfo>
        <ErrorInfo>
                            ErrorInfo
                            </ErrorInfo>
        <Exception>
                            Exception
                            </Exception>
      </Output>
    </UnitTestResult>
  </Results>
</TestRun>